2023-02-18 13:54:30,414 [Worker-1: Loading available Gradle versions] INFO  o.e.b.c.i.u.g.PublishedGradleVersions - Gradle version information cache is up-to-date. Trying to read.
2023-02-18 13:55:58,948 [Worker-9: Launching mavenrun-f2e9657c-50bb-48ac-abe9-b6845c91eef6] INFO  o.eclipse.m2e.core.internal.Bundles - getClasspathEntries(Bundle=org.eclipse.m2e.maven.runtime_3.8.604.20221130-2149 [605])
2023-02-18 13:55:58,959 [Worker-9: Launching mavenrun-f2e9657c-50bb-48ac-abe9-b6845c91eef6] INFO  o.eclipse.m2e.core.internal.Bundles - 	Entry: C:\Users\mangesh.dhande\.p2\pool\plugins\org.eclipse.m2e.maven.runtime_3.8.604.20221130-2149
2023-02-18 13:55:58,960 [Worker-9: Launching mavenrun-f2e9657c-50bb-48ac-abe9-b6845c91eef6] INFO  o.eclipse.m2e.core.internal.Bundles - 	Entry: C:\Users\mangesh.dhande\.p2\pool\plugins\org.eclipse.m2e.maven.runtime_3.8.604.20221130-2149\jars\aether-connector-okhttp-0.17.8.jar
2023-02-18 13:55:58,961 [Worker-9: Launching mavenrun-f2e9657c-50bb-48ac-abe9-b6845c91eef6] INFO  o.eclipse.m2e.core.internal.Bundles - 	Entry: C:\Users\mangesh.dhande\.p2\pool\plugins\org.eclipse.m2e.maven.runtime_3.8.604.20221130-2149\jars\commons-cli-1.4.jar
2023-02-18 13:55:58,961 [Worker-9: Launching mavenrun-f2e9657c-50bb-48ac-abe9-b6845c91eef6] INFO  o.eclipse.m2e.core.internal.Bundles - 	Entry: C:\Users\mangesh.dhande\.p2\pool\plugins\org.eclipse.m2e.maven.runtime_3.8.604.20221130-2149\jars\commons-io-2.6.jar
2023-02-18 13:55:58,961 [Worker-9: Launching mavenrun-f2e9657c-50bb-48ac-abe9-b6845c91eef6] INFO  o.eclipse.m2e.core.internal.Bundles - 	Entry: C:\Users\mangesh.dhande\.p2\pool\plugins\org.eclipse.m2e.maven.runtime_3.8.604.20221130-2149\jars\commons-lang3-3.8.1.jar
2023-02-18 13:55:58,961 [Worker-9: Launching mavenrun-f2e9657c-50bb-48ac-abe9-b6845c91eef6] INFO  o.eclipse.m2e.core.internal.Bundles - 	Entry: C:\Users\mangesh.dhande\.p2\pool\plugins\org.eclipse.m2e.maven.runtime_3.8.604.20221130-2149\jars\guice-4.2.2-no_aop.jar
2023-02-18 13:55:58,962 [Worker-9: Launching mavenrun-f2e9657c-50bb-48ac-abe9-b6845c91eef6] INFO  o.eclipse.m2e.core.internal.Bundles - 	Entry: C:\Users\mangesh.dhande\.p2\pool\plugins\org.eclipse.m2e.maven.runtime_3.8.604.20221130-2149\jars\jansi-2.4.0.jar
2023-02-18 13:55:58,962 [Worker-9: Launching mavenrun-f2e9657c-50bb-48ac-abe9-b6845c91eef6] INFO  o.eclipse.m2e.core.internal.Bundles - 	Entry: C:\Users\mangesh.dhande\.p2\pool\plugins\org.eclipse.m2e.maven.runtime_3.8.604.20221130-2149\jars\maven-artifact-3.8.6.jar
2023-02-18 13:55:58,962 [Worker-9: Launching mavenrun-f2e9657c-50bb-48ac-abe9-b6845c91eef6] INFO  o.eclipse.m2e.core.internal.Bundles - 	Entry: C:\Users\mangesh.dhande\.p2\pool\plugins\org.eclipse.m2e.maven.runtime_3.8.604.20221130-2149\jars\maven-builder-support-3.8.6.jar
2023-02-18 13:55:58,962 [Worker-9: Launching mavenrun-f2e9657c-50bb-48ac-abe9-b6845c91eef6] INFO  o.eclipse.m2e.core.internal.Bundles - 	Entry: C:\Users\mangesh.dhande\.p2\pool\plugins\org.eclipse.m2e.maven.runtime_3.8.604.20221130-2149\jars\maven-compat-3.8.6.jar
2023-02-18 13:55:58,962 [Worker-9: Launching mavenrun-f2e9657c-50bb-48ac-abe9-b6845c91eef6] INFO  o.eclipse.m2e.core.internal.Bundles - 	Entry: C:\Users\mangesh.dhande\.p2\pool\plugins\org.eclipse.m2e.maven.runtime_3.8.604.20221130-2149\jars\maven-core-3.8.6.jar
2023-02-18 13:55:58,963 [Worker-9: Launching mavenrun-f2e9657c-50bb-48ac-abe9-b6845c91eef6] INFO  o.eclipse.m2e.core.internal.Bundles - 	Entry: C:\Users\mangesh.dhande\.p2\pool\plugins\org.eclipse.m2e.maven.runtime_3.8.604.20221130-2149\jars\maven-embedder-3.8.6.jar
2023-02-18 13:55:58,963 [Worker-9: Launching mavenrun-f2e9657c-50bb-48ac-abe9-b6845c91eef6] INFO  o.eclipse.m2e.core.internal.Bundles - 	Entry: C:\Users\mangesh.dhande\.p2\pool\plugins\org.eclipse.m2e.maven.runtime_3.8.604.20221130-2149\jars\maven-model-3.8.6.jar
2023-02-18 13:55:58,963 [Worker-9: Launching mavenrun-f2e9657c-50bb-48ac-abe9-b6845c91eef6] INFO  o.eclipse.m2e.core.internal.Bundles - 	Entry: C:\Users\mangesh.dhande\.p2\pool\plugins\org.eclipse.m2e.maven.runtime_3.8.604.20221130-2149\jars\maven-model-builder-3.8.6.jar
2023-02-18 13:55:58,963 [Worker-9: Launching mavenrun-f2e9657c-50bb-48ac-abe9-b6845c91eef6] INFO  o.eclipse.m2e.core.internal.Bundles - 	Entry: C:\Users\mangesh.dhande\.p2\pool\plugins\org.eclipse.m2e.maven.runtime_3.8.604.20221130-2149\jars\maven-plugin-api-3.8.6.jar
2023-02-18 13:55:58,963 [Worker-9: Launching mavenrun-f2e9657c-50bb-48ac-abe9-b6845c91eef6] INFO  o.eclipse.m2e.core.internal.Bundles - 	Entry: C:\Users\mangesh.dhande\.p2\pool\plugins\org.eclipse.m2e.maven.runtime_3.8.604.20221130-2149\jars\maven-repository-metadata-3.8.6.jar
2023-02-18 13:55:58,963 [Worker-9: Launching mavenrun-f2e9657c-50bb-48ac-abe9-b6845c91eef6] INFO  o.eclipse.m2e.core.internal.Bundles - 	Entry: C:\Users\mangesh.dhande\.p2\pool\plugins\org.eclipse.m2e.maven.runtime_3.8.604.20221130-2149\jars\maven-resolver-api-1.6.3.jar
2023-02-18 13:55:58,964 [Worker-9: Launching mavenrun-f2e9657c-50bb-48ac-abe9-b6845c91eef6] INFO  o.eclipse.m2e.core.internal.Bundles - 	Entry: C:\Users\mangesh.dhande\.p2\pool\plugins\org.eclipse.m2e.maven.runtime_3.8.604.20221130-2149\jars\maven-resolver-connector-basic-1.6.3.jar
2023-02-18 13:55:58,964 [Worker-9: Launching mavenrun-f2e9657c-50bb-48ac-abe9-b6845c91eef6] INFO  o.eclipse.m2e.core.internal.Bundles - 	Entry: C:\Users\mangesh.dhande\.p2\pool\plugins\org.eclipse.m2e.maven.runtime_3.8.604.20221130-2149\jars\maven-resolver-impl-1.6.3.jar
2023-02-18 13:55:58,964 [Worker-9: Launching mavenrun-f2e9657c-50bb-48ac-abe9-b6845c91eef6] INFO  o.eclipse.m2e.core.internal.Bundles - 	Entry: C:\Users\mangesh.dhande\.p2\pool\plugins\org.eclipse.m2e.maven.runtime_3.8.604.20221130-2149\jars\maven-resolver-provider-3.8.6.jar
2023-02-18 13:55:58,964 [Worker-9: Launching mavenrun-f2e9657c-50bb-48ac-abe9-b6845c91eef6] INFO  o.eclipse.m2e.core.internal.Bundles - 	Entry: C:\Users\mangesh.dhande\.p2\pool\plugins\org.eclipse.m2e.maven.runtime_3.8.604.20221130-2149\jars\maven-resolver-spi-1.6.3.jar
2023-02-18 13:55:58,964 [Worker-9: Launching mavenrun-f2e9657c-50bb-48ac-abe9-b6845c91eef6] INFO  o.eclipse.m2e.core.internal.Bundles - 	Entry: C:\Users\mangesh.dhande\.p2\pool\plugins\org.eclipse.m2e.maven.runtime_3.8.604.20221130-2149\jars\maven-resolver-transport-wagon-1.6.3.jar
2023-02-18 13:55:58,964 [Worker-9: Launching mavenrun-f2e9657c-50bb-48ac-abe9-b6845c91eef6] INFO  o.eclipse.m2e.core.internal.Bundles - 	Entry: C:\Users\mangesh.dhande\.p2\pool\plugins\org.eclipse.m2e.maven.runtime_3.8.604.20221130-2149\jars\maven-resolver-util-1.6.3.jar
2023-02-18 13:55:58,964 [Worker-9: Launching mavenrun-f2e9657c-50bb-48ac-abe9-b6845c91eef6] INFO  o.eclipse.m2e.core.internal.Bundles - 	Entry: C:\Users\mangesh.dhande\.p2\pool\plugins\org.eclipse.m2e.maven.runtime_3.8.604.20221130-2149\jars\maven-settings-3.8.6.jar
2023-02-18 13:55:58,964 [Worker-9: Launching mavenrun-f2e9657c-50bb-48ac-abe9-b6845c91eef6] INFO  o.eclipse.m2e.core.internal.Bundles - 	Entry: C:\Users\mangesh.dhande\.p2\pool\plugins\org.eclipse.m2e.maven.runtime_3.8.604.20221130-2149\jars\maven-settings-builder-3.8.6.jar
2023-02-18 13:55:58,964 [Worker-9: Launching mavenrun-f2e9657c-50bb-48ac-abe9-b6845c91eef6] INFO  o.eclipse.m2e.core.internal.Bundles - 	Entry: C:\Users\mangesh.dhande\.p2\pool\plugins\org.eclipse.m2e.maven.runtime_3.8.604.20221130-2149\jars\maven-shared-utils-3.3.4.jar
2023-02-18 13:55:58,965 [Worker-9: Launching mavenrun-f2e9657c-50bb-48ac-abe9-b6845c91eef6] INFO  o.eclipse.m2e.core.internal.Bundles - 	Entry: C:\Users\mangesh.dhande\.p2\pool\plugins\org.eclipse.m2e.maven.runtime_3.8.604.20221130-2149\jars\okhttp-3.14.1.jar
2023-02-18 13:55:58,965 [Worker-9: Launching mavenrun-f2e9657c-50bb-48ac-abe9-b6845c91eef6] INFO  o.eclipse.m2e.core.internal.Bundles - 	Entry: C:\Users\mangesh.dhande\.p2\pool\plugins\org.eclipse.m2e.maven.runtime_3.8.604.20221130-2149\jars\okio-1.17.3.jar
2023-02-18 13:55:58,965 [Worker-9: Launching mavenrun-f2e9657c-50bb-48ac-abe9-b6845c91eef6] INFO  o.eclipse.m2e.core.internal.Bundles - 	Entry: C:\Users\mangesh.dhande\.p2\pool\plugins\org.eclipse.m2e.maven.runtime_3.8.604.20221130-2149\jars\org.eclipse.sisu.inject-0.3.5.jar
2023-02-18 13:55:58,966 [Worker-9: Launching mavenrun-f2e9657c-50bb-48ac-abe9-b6845c91eef6] INFO  o.eclipse.m2e.core.internal.Bundles - 	Entry: C:\Users\mangesh.dhande\.p2\pool\plugins\org.eclipse.m2e.maven.runtime_3.8.604.20221130-2149\jars\org.eclipse.sisu.plexus-0.3.5.jar
2023-02-18 13:55:58,966 [Worker-9: Launching mavenrun-f2e9657c-50bb-48ac-abe9-b6845c91eef6] INFO  o.eclipse.m2e.core.internal.Bundles - 	Entry: C:\Users\mangesh.dhande\.p2\pool\plugins\org.eclipse.m2e.maven.runtime_3.8.604.20221130-2149\jars\plexus-build-api-0.0.7.jar
2023-02-18 13:55:58,966 [Worker-9: Launching mavenrun-f2e9657c-50bb-48ac-abe9-b6845c91eef6] INFO  o.eclipse.m2e.core.internal.Bundles - 	Entry: C:\Users\mangesh.dhande\.p2\pool\plugins\org.eclipse.m2e.maven.runtime_3.8.604.20221130-2149\jars\plexus-cipher-2.0.jar
2023-02-18 13:55:58,966 [Worker-9: Launching mavenrun-f2e9657c-50bb-48ac-abe9-b6845c91eef6] INFO  o.eclipse.m2e.core.internal.Bundles - 	Entry: C:\Users\mangesh.dhande\.p2\pool\plugins\org.eclipse.m2e.maven.runtime_3.8.604.20221130-2149\jars\plexus-classworlds-2.6.0.jar
2023-02-18 13:55:58,966 [Worker-9: Launching mavenrun-f2e9657c-50bb-48ac-abe9-b6845c91eef6] INFO  o.eclipse.m2e.core.internal.Bundles - 	Entry: C:\Users\mangesh.dhande\.p2\pool\plugins\org.eclipse.m2e.maven.runtime_3.8.604.20221130-2149\jars\plexus-component-annotations-2.1.0.jar
2023-02-18 13:55:58,966 [Worker-9: Launching mavenrun-f2e9657c-50bb-48ac-abe9-b6845c91eef6] INFO  o.eclipse.m2e.core.internal.Bundles - 	Entry: C:\Users\mangesh.dhande\.p2\pool\plugins\org.eclipse.m2e.maven.runtime_3.8.604.20221130-2149\jars\plexus-interpolation-1.26.jar
2023-02-18 13:55:58,966 [Worker-9: Launching mavenrun-f2e9657c-50bb-48ac-abe9-b6845c91eef6] INFO  o.eclipse.m2e.core.internal.Bundles - 	Entry: C:\Users\mangesh.dhande\.p2\pool\plugins\org.eclipse.m2e.maven.runtime_3.8.604.20221130-2149\jars\plexus-sec-dispatcher-2.0.jar
2023-02-18 13:55:58,966 [Worker-9: Launching mavenrun-f2e9657c-50bb-48ac-abe9-b6845c91eef6] INFO  o.eclipse.m2e.core.internal.Bundles - 	Entry: C:\Users\mangesh.dhande\.p2\pool\plugins\org.eclipse.m2e.maven.runtime_3.8.604.20221130-2149\jars\plexus-utils-3.3.1.jar
2023-02-18 13:55:58,966 [Worker-9: Launching mavenrun-f2e9657c-50bb-48ac-abe9-b6845c91eef6] INFO  o.eclipse.m2e.core.internal.Bundles - 	Entry: C:\Users\mangesh.dhande\.p2\pool\plugins\org.eclipse.m2e.maven.runtime_3.8.604.20221130-2149\jars\wagon-file-3.5.1.jar
2023-02-18 13:55:58,967 [Worker-9: Launching mavenrun-f2e9657c-50bb-48ac-abe9-b6845c91eef6] INFO  o.eclipse.m2e.core.internal.Bundles - 	Entry: C:\Users\mangesh.dhande\.p2\pool\plugins\org.eclipse.m2e.maven.runtime_3.8.604.20221130-2149\jars\wagon-provider-api-3.5.1.jar
2023-02-18 13:55:58,969 [Worker-9: Launching mavenrun-f2e9657c-50bb-48ac-abe9-b6845c91eef6] INFO  o.eclipse.m2e.core.internal.Bundles - getClasspathEntries(Bundle=com.google.guava_30.1.0.v20221112-0806 [10])
2023-02-18 13:55:58,970 [Worker-9: Launching mavenrun-f2e9657c-50bb-48ac-abe9-b6845c91eef6] INFO  o.eclipse.m2e.core.internal.Bundles - 	Entry: C:\Users\mangesh.dhande\.p2\pool\plugins\com.google.guava_30.1.0.v20221112-0806.jar
2023-02-18 13:55:58,970 [Worker-9: Launching mavenrun-f2e9657c-50bb-48ac-abe9-b6845c91eef6] INFO  o.eclipse.m2e.core.internal.Bundles - getClasspathEntries(Bundle=slf4j.api_1.7.36 [917])
2023-02-18 13:55:58,971 [Worker-9: Launching mavenrun-f2e9657c-50bb-48ac-abe9-b6845c91eef6] INFO  o.eclipse.m2e.core.internal.Bundles - 	Entry: C:\Users\mangesh.dhande\.p2\pool\plugins\slf4j.api_1.7.36.jar
2023-02-18 13:55:58,972 [Worker-9: Launching mavenrun-f2e9657c-50bb-48ac-abe9-b6845c91eef6] INFO  o.eclipse.m2e.core.internal.Bundles - getClasspathEntries(Bundle=javax.inject_1.0.0.v20220405-0441 [32])
2023-02-18 13:55:58,973 [Worker-9: Launching mavenrun-f2e9657c-50bb-48ac-abe9-b6845c91eef6] INFO  o.eclipse.m2e.core.internal.Bundles - 	Entry: C:\Users\mangesh.dhande\.p2\pool\plugins\javax.inject_1.0.0.v20220405-0441.jar
2023-02-18 13:55:58,973 [Worker-9: Launching mavenrun-f2e9657c-50bb-48ac-abe9-b6845c91eef6] INFO  o.eclipse.m2e.core.internal.Bundles - getClasspathEntries(Bundle=javax.annotation_1.3.5.v20221112-0806 [30])
2023-02-18 13:55:58,974 [Worker-9: Launching mavenrun-f2e9657c-50bb-48ac-abe9-b6845c91eef6] INFO  o.eclipse.m2e.core.internal.Bundles - 	Entry: C:\Users\mangesh.dhande\.p2\pool\plugins\javax.annotation_1.3.5.v20221112-0806.jar
2023-02-18 13:55:58,984 [Worker-9: Launching mavenrun-f2e9657c-50bb-48ac-abe9-b6845c91eef6] INFO  o.e.m.i.launch.MavenLaunchDelegate - Run build in "C:\Users\mangesh.dhande\AppData\Local\Temp\m2e-archetypeGenerator10797372009459318544":
2023-02-18 13:55:58,988 [Worker-9: Launching mavenrun-f2e9657c-50bb-48ac-abe9-b6845c91eef6] INFO  o.e.m.i.launch.MavenLaunchDelegate -  mvn  -DarchetypeGroupId=org.apache.maven.archetypes -DarchetypeArtifactId=maven-archetype-quickstart -DarchetypeVersion=1.1 -DgroupId=com.naland -DartifactId=LibrabryManagement -Dversion=0.0.1-SNAPSHOT -Dpackage=com.nalanda -DoutputDirectory="D:\Spring All\Ineuron Projects\Library Management" -Dstyle.color=always -U archetype:generate
2023-02-18 13:56:07,863 [Worker-7: Creating maven-archetype-quickstart] INFO  o.e.m.c.i.p.ProjectConfigurationManager - Collecting project info '/pom.xml' D:\Spring All\Ineuron Projects\Library Management\LibrabryManagement\pom.xml
2023-02-18 13:56:08,630 [Worker-7: Creating maven-archetype-quickstart] INFO  o.e.m.c.i.l.LifecycleMappingFactory - Using org.eclipse.m2e.jdt.JarLifecycleMapping lifecycle mapping for MavenProject: com.naland:LibrabryManagement:0.0.1-SNAPSHOT @ D:\Spring All\Ineuron Projects\Library Management\LibrabryManagement\pom.xml.
2023-02-18 13:56:09,006 [Worker-7: Creating maven-archetype-quickstart] INFO  o.e.m.j.i.AbstractJavaProjectConfigurator - Adding source folder /LibrabryManagement/src/main/java
2023-02-18 13:56:09,009 [Worker-7: Creating maven-archetype-quickstart] INFO  o.e.m.j.i.AbstractJavaProjectConfigurator - Adding source folder /LibrabryManagement/src/test/java
2023-02-18 13:56:09,085 [Worker-7: Creating maven-archetype-quickstart] INFO  o.e.m.c.i.p.ProjectConfigurationManager - Imported and configured 1 project(s) in 1 sec
2023-02-18 13:56:09,800 [Worker-15: Building] INFO  o.e.m.c.i.embedder.EclipseLogger - Using 'UTF-8' encoding to copy filtered resources.
2023-02-18 13:56:09,800 [Worker-15: Building] INFO  o.e.m.c.i.embedder.EclipseLogger - skip non existing resourceDirectory D:\Spring All\Ineuron Projects\Library Management\LibrabryManagement\src\main\resources
2023-02-18 13:56:09,803 [Worker-15: Building] INFO  o.e.m.c.i.embedder.EclipseLogger - Using 'UTF-8' encoding to copy filtered resources.
2023-02-18 13:56:09,804 [Worker-15: Building] INFO  o.e.m.c.i.embedder.EclipseLogger - skip non existing resourceDirectory D:\Spring All\Ineuron Projects\Library Management\LibrabryManagement\src\test\resources
2023-02-18 13:56:15,424 [Worker-15: Building] INFO  o.e.m.c.i.embedder.EclipseLogger - Using 'UTF-8' encoding to copy filtered resources.
2023-02-18 13:56:15,424 [Worker-15: Building] INFO  o.e.m.c.i.embedder.EclipseLogger - skip non existing resourceDirectory D:\Spring All\Ineuron Projects\Library Management\LibrabryManagement\src\main\resources
2023-02-18 13:56:15,426 [Worker-15: Building] INFO  o.e.m.c.i.embedder.EclipseLogger - Using 'UTF-8' encoding to copy filtered resources.
2023-02-18 13:56:15,427 [Worker-15: Building] INFO  o.e.m.c.i.embedder.EclipseLogger - skip non existing resourceDirectory D:\Spring All\Ineuron Projects\Library Management\LibrabryManagement\src\test\resources
2023-02-18 13:56:21,293 [Worker-10: Building] INFO  o.e.m.c.i.embedder.EclipseLogger - Using 'UTF-8' encoding to copy filtered resources.
2023-02-18 13:56:21,294 [Worker-10: Building] INFO  o.e.m.c.i.embedder.EclipseLogger - skip non existing resourceDirectory D:\Spring All\Ineuron Projects\Library Management\LibrabryManagement\src\main\resources
2023-02-18 13:56:21,295 [Worker-10: Building] INFO  o.e.m.c.i.embedder.EclipseLogger - Using 'UTF-8' encoding to copy filtered resources.
2023-02-18 13:56:21,295 [Worker-10: Building] INFO  o.e.m.c.i.embedder.EclipseLogger - skip non existing resourceDirectory D:\Spring All\Ineuron Projects\Library Management\LibrabryManagement\src\test\resources
2023-02-18 13:57:12,148 [Worker-6: Building] INFO  o.e.m.c.i.l.LifecycleMappingFactory - Using org.eclipse.m2e.jdt.JarLifecycleMapping lifecycle mapping for MavenProject: com.naland:LibrabryManagement:0.0.1-SNAPSHOT @ D:\Spring All\Ineuron Projects\Library Management\LibrabryManagement\pom.xml.
2023-02-18 13:57:12,592 [Worker-6: Building] INFO  o.e.m.c.i.e.AbstractTransferListenerAdapter - Downloading https://repo.maven.apache.org/maven2/org/hibernate/hibernate-core/5.6.10.Final/hibernate-core-5.6.10.Final.pom
2023-02-18 13:57:12,817 [Worker-6: Building] INFO  o.e.m.c.i.e.AbstractTransferListenerAdapter - Downloaded https://repo.maven.apache.org/maven2/org/hibernate/hibernate-core/5.6.10.Final/hibernate-core-5.6.10.Final.pom
2023-02-18 13:57:12,935 [Worker-6: Building] INFO  o.e.m.c.i.e.AbstractTransferListenerAdapter - Downloading https://repo.maven.apache.org/maven2/org/hibernate/hibernate-core/5.6.10.Final/hibernate-core-5.6.10.Final.jar
2023-02-18 13:57:14,006 [Worker-6: Building] INFO  o.e.m.c.i.e.AbstractTransferListenerAdapter - Downloaded https://repo.maven.apache.org/maven2/org/hibernate/hibernate-core/5.6.10.Final/hibernate-core-5.6.10.Final.jar
2023-02-18 13:57:14,256 [Worker-6: Building] INFO  o.e.m.c.i.embedder.EclipseLogger - Using 'UTF-8' encoding to copy filtered resources.
2023-02-18 13:57:14,257 [Worker-6: Building] INFO  o.e.m.c.i.embedder.EclipseLogger - skip non existing resourceDirectory D:\Spring All\Ineuron Projects\Library Management\LibrabryManagement\src\main\resources
2023-02-18 13:57:14,260 [Worker-6: Building] INFO  o.e.m.c.i.embedder.EclipseLogger - Using 'UTF-8' encoding to copy filtered resources.
2023-02-18 13:57:14,260 [Worker-6: Building] INFO  o.e.m.c.i.embedder.EclipseLogger - skip non existing resourceDirectory D:\Spring All\Ineuron Projects\Library Management\LibrabryManagement\src\test\resources
2023-02-18 13:57:15,483 [Worker-17: Download sources and javadoc] INFO  o.e.m.c.i.e.AbstractTransferListenerAdapter - Downloading https://repo.maven.apache.org/maven2/org/hibernate/hibernate-core/5.6.10.Final/hibernate-core-5.6.10.Final-sources.jar
2023-02-18 13:57:15,991 [Worker-8: Building] INFO  o.e.m.c.i.l.LifecycleMappingFactory - Using org.eclipse.m2e.jdt.JarLifecycleMapping lifecycle mapping for MavenProject: com.naland:LibrabryManagement:0.0.1-SNAPSHOT @ D:\Spring All\Ineuron Projects\Library Management\LibrabryManagement\pom.xml.
2023-02-18 13:57:16,223 [Worker-8: Building] INFO  o.e.m.c.i.embedder.EclipseLogger - Using 'UTF-8' encoding to copy filtered resources.
2023-02-18 13:57:16,223 [Worker-8: Building] INFO  o.e.m.c.i.embedder.EclipseLogger - skip non existing resourceDirectory D:\Spring All\Ineuron Projects\Library Management\LibrabryManagement\src\main\resources
2023-02-18 13:57:16,226 [Worker-8: Building] INFO  o.e.m.c.i.embedder.EclipseLogger - Using 'UTF-8' encoding to copy filtered resources.
2023-02-18 13:57:16,226 [Worker-8: Building] INFO  o.e.m.c.i.embedder.EclipseLogger - skip non existing resourceDirectory D:\Spring All\Ineuron Projects\Library Management\LibrabryManagement\src\test\resources
2023-02-18 13:57:17,707 [Worker-17: Download sources and javadoc] INFO  o.e.m.c.i.e.AbstractTransferListenerAdapter - Downloaded https://repo.maven.apache.org/maven2/org/hibernate/hibernate-core/5.6.10.Final/hibernate-core-5.6.10.Final-sources.jar
2023-02-18 13:57:17,721 [Worker-17: Download sources and javadoc] INFO  o.e.m.j.internal.DownloadSourcesJob - Downloaded sources for org.hibernate:hibernate-core:5.6.10.Final
2023-02-18 13:57:18,296 [Worker-21: Building] INFO  o.e.m.c.i.embedder.EclipseLogger - Using 'UTF-8' encoding to copy filtered resources.
2023-02-18 13:57:18,296 [Worker-21: Building] INFO  o.e.m.c.i.embedder.EclipseLogger - skip non existing resourceDirectory D:\Spring All\Ineuron Projects\Library Management\LibrabryManagement\src\main\resources
2023-02-18 13:57:18,297 [Worker-21: Building] INFO  o.e.m.c.i.embedder.EclipseLogger - Using 'UTF-8' encoding to copy filtered resources.
2023-02-18 13:57:18,298 [Worker-21: Building] INFO  o.e.m.c.i.embedder.EclipseLogger - skip non existing resourceDirectory D:\Spring All\Ineuron Projects\Library Management\LibrabryManagement\src\test\resources
2023-02-18 13:57:43,758 [Worker-16: Building] INFO  o.e.m.c.i.l.LifecycleMappingFactory - Using org.eclipse.m2e.jdt.JarLifecycleMapping lifecycle mapping for MavenProject: com.naland:LibrabryManagement:0.0.1-SNAPSHOT @ D:\Spring All\Ineuron Projects\Library Management\LibrabryManagement\pom.xml.
2023-02-18 13:57:43,891 [Worker-16: Building] INFO  o.e.m.c.i.embedder.EclipseLogger - Using 'UTF-8' encoding to copy filtered resources.
2023-02-18 13:57:43,891 [Worker-16: Building] INFO  o.e.m.c.i.embedder.EclipseLogger - skip non existing resourceDirectory D:\Spring All\Ineuron Projects\Library Management\LibrabryManagement\src\main\resources
2023-02-18 13:57:43,893 [Worker-16: Building] INFO  o.e.m.c.i.embedder.EclipseLogger - Using 'UTF-8' encoding to copy filtered resources.
2023-02-18 13:57:43,894 [Worker-16: Building] INFO  o.e.m.c.i.embedder.EclipseLogger - skip non existing resourceDirectory D:\Spring All\Ineuron Projects\Library Management\LibrabryManagement\src\test\resources
2023-02-18 13:57:45,150 [Worker-17: Building] INFO  o.e.m.c.i.embedder.EclipseLogger - Using 'UTF-8' encoding to copy filtered resources.
2023-02-18 13:57:45,150 [Worker-17: Building] INFO  o.e.m.c.i.embedder.EclipseLogger - skip non existing resourceDirectory D:\Spring All\Ineuron Projects\Library Management\LibrabryManagement\src\main\resources
2023-02-18 13:57:45,152 [Worker-17: Building] INFO  o.e.m.c.i.embedder.EclipseLogger - Using 'UTF-8' encoding to copy filtered resources.
2023-02-18 13:57:45,152 [Worker-17: Building] INFO  o.e.m.c.i.embedder.EclipseLogger - skip non existing resourceDirectory D:\Spring All\Ineuron Projects\Library Management\LibrabryManagement\src\test\resources
2023-02-18 13:58:00,443 [Worker-9: Building] INFO  o.e.m.c.i.embedder.EclipseLogger - Using 'UTF-8' encoding to copy filtered resources.
2023-02-18 13:58:00,443 [Worker-9: Building] INFO  o.e.m.c.i.embedder.EclipseLogger - skip non existing resourceDirectory D:\Spring All\Ineuron Projects\Library Management\LibrabryManagement\src\main\resources
2023-02-18 13:58:00,445 [Worker-9: Building] INFO  o.e.m.c.i.embedder.EclipseLogger - Using 'UTF-8' encoding to copy filtered resources.
2023-02-18 13:58:00,445 [Worker-9: Building] INFO  o.e.m.c.i.embedder.EclipseLogger - skip non existing resourceDirectory D:\Spring All\Ineuron Projects\Library Management\LibrabryManagement\src\test\resources
2023-02-18 13:58:41,902 [Worker-7: Building] INFO  o.e.m.c.i.embedder.EclipseLogger - Using 'UTF-8' encoding to copy filtered resources.
2023-02-18 13:58:41,903 [Worker-7: Building] INFO  o.e.m.c.i.embedder.EclipseLogger - skip non existing resourceDirectory D:\Spring All\Ineuron Projects\Library Management\LibrabryManagement\src\main\resources
2023-02-18 13:58:41,906 [Worker-7: Building] INFO  o.e.m.c.i.embedder.EclipseLogger - Using 'UTF-8' encoding to copy filtered resources.
2023-02-18 13:58:41,906 [Worker-7: Building] INFO  o.e.m.c.i.embedder.EclipseLogger - skip non existing resourceDirectory D:\Spring All\Ineuron Projects\Library Management\LibrabryManagement\src\test\resources
2023-02-18 13:59:42,746 [Worker-16: Building] INFO  o.e.m.c.i.embedder.EclipseLogger - Using 'UTF-8' encoding to copy filtered resources.
2023-02-18 13:59:42,748 [Worker-16: Building] INFO  o.e.m.c.i.embedder.EclipseLogger - skip non existing resourceDirectory D:\Spring All\Ineuron Projects\Library Management\LibrabryManagement\src\main\resources
2023-02-18 13:59:42,749 [Worker-16: Building] INFO  o.e.m.c.i.embedder.EclipseLogger - Using 'UTF-8' encoding to copy filtered resources.
2023-02-18 13:59:42,749 [Worker-16: Building] INFO  o.e.m.c.i.embedder.EclipseLogger - skip non existing resourceDirectory D:\Spring All\Ineuron Projects\Library Management\LibrabryManagement\src\test\resources
2023-02-18 13:59:52,455 [Worker-21: Building] INFO  o.e.m.c.i.embedder.EclipseLogger - Using 'UTF-8' encoding to copy filtered resources.
2023-02-18 13:59:52,455 [Worker-21: Building] INFO  o.e.m.c.i.embedder.EclipseLogger - skip non existing resourceDirectory D:\Spring All\Ineuron Projects\Library Management\LibrabryManagement\src\main\resources
2023-02-18 13:59:52,456 [Worker-21: Building] INFO  o.e.m.c.i.embedder.EclipseLogger - Using 'UTF-8' encoding to copy filtered resources.
2023-02-18 13:59:52,457 [Worker-21: Building] INFO  o.e.m.c.i.embedder.EclipseLogger - skip non existing resourceDirectory D:\Spring All\Ineuron Projects\Library Management\LibrabryManagement\src\test\resources
2023-02-18 14:00:16,342 [Worker-7: Building] INFO  o.e.m.c.i.embedder.EclipseLogger - Using 'UTF-8' encoding to copy filtered resources.
2023-02-18 14:00:16,343 [Worker-7: Building] INFO  o.e.m.c.i.embedder.EclipseLogger - skip non existing resourceDirectory D:\Spring All\Ineuron Projects\Library Management\LibrabryManagement\src\main\resources
2023-02-18 14:00:16,344 [Worker-7: Building] INFO  o.e.m.c.i.embedder.EclipseLogger - Using 'UTF-8' encoding to copy filtered resources.
2023-02-18 14:00:16,344 [Worker-7: Building] INFO  o.e.m.c.i.embedder.EclipseLogger - skip non existing resourceDirectory D:\Spring All\Ineuron Projects\Library Management\LibrabryManagement\src\test\resources
2023-02-18 14:00:44,603 [Worker-22: Building] INFO  o.e.m.c.i.embedder.EclipseLogger - Using 'UTF-8' encoding to copy filtered resources.
2023-02-18 14:00:44,604 [Worker-22: Building] INFO  o.e.m.c.i.embedder.EclipseLogger - skip non existing resourceDirectory D:\Spring All\Ineuron Projects\Library Management\LibrabryManagement\src\main\resources
2023-02-18 14:00:44,607 [Worker-22: Building] INFO  o.e.m.c.i.embedder.EclipseLogger - Using 'UTF-8' encoding to copy filtered resources.
2023-02-18 14:00:44,607 [Worker-22: Building] INFO  o.e.m.c.i.embedder.EclipseLogger - skip non existing resourceDirectory D:\Spring All\Ineuron Projects\Library Management\LibrabryManagement\src\test\resources
2023-02-18 14:02:15,946 [Worker-7: Building] INFO  o.e.m.c.i.embedder.EclipseLogger - Using 'UTF-8' encoding to copy filtered resources.
2023-02-18 14:02:15,947 [Worker-7: Building] INFO  o.e.m.c.i.embedder.EclipseLogger - skip non existing resourceDirectory D:\Spring All\Ineuron Projects\Library Management\LibrabryManagement\src\main\resources
2023-02-18 14:02:15,948 [Worker-7: Building] INFO  o.e.m.c.i.embedder.EclipseLogger - Using 'UTF-8' encoding to copy filtered resources.
2023-02-18 14:02:15,949 [Worker-7: Building] INFO  o.e.m.c.i.embedder.EclipseLogger - skip non existing resourceDirectory D:\Spring All\Ineuron Projects\Library Management\LibrabryManagement\src\test\resources
2023-02-18 14:02:23,011 [Worker-22: Building] INFO  o.e.m.c.i.embedder.EclipseLogger - Using 'UTF-8' encoding to copy filtered resources.
2023-02-18 14:02:23,012 [Worker-22: Building] INFO  o.e.m.c.i.embedder.EclipseLogger - skip non existing resourceDirectory D:\Spring All\Ineuron Projects\Library Management\LibrabryManagement\src\main\resources
2023-02-18 14:02:23,013 [Worker-22: Building] INFO  o.e.m.c.i.embedder.EclipseLogger - Using 'UTF-8' encoding to copy filtered resources.
2023-02-18 14:02:23,013 [Worker-22: Building] INFO  o.e.m.c.i.embedder.EclipseLogger - skip non existing resourceDirectory D:\Spring All\Ineuron Projects\Library Management\LibrabryManagement\src\test\resources
2023-02-18 14:02:50,437 [Worker-19: Building] INFO  o.e.m.c.i.embedder.EclipseLogger - Using 'UTF-8' encoding to copy filtered resources.
2023-02-18 14:02:50,438 [Worker-19: Building] INFO  o.e.m.c.i.embedder.EclipseLogger - skip non existing resourceDirectory D:\Spring All\Ineuron Projects\Library Management\LibrabryManagement\src\main\resources
2023-02-18 14:02:50,439 [Worker-19: Building] INFO  o.e.m.c.i.embedder.EclipseLogger - Using 'UTF-8' encoding to copy filtered resources.
2023-02-18 14:02:50,439 [Worker-19: Building] INFO  o.e.m.c.i.embedder.EclipseLogger - skip non existing resourceDirectory D:\Spring All\Ineuron Projects\Library Management\LibrabryManagement\src\test\resources
2023-02-18 14:04:09,736 [Worker-9: Building] INFO  o.e.m.c.i.embedder.EclipseLogger - Using 'UTF-8' encoding to copy filtered resources.
2023-02-18 14:04:09,736 [Worker-9: Building] INFO  o.e.m.c.i.embedder.EclipseLogger - skip non existing resourceDirectory D:\Spring All\Ineuron Projects\Library Management\LibrabryManagement\src\main\resources
2023-02-18 14:04:09,738 [Worker-9: Building] INFO  o.e.m.c.i.embedder.EclipseLogger - Using 'UTF-8' encoding to copy filtered resources.
2023-02-18 14:04:09,739 [Worker-9: Building] INFO  o.e.m.c.i.embedder.EclipseLogger - skip non existing resourceDirectory D:\Spring All\Ineuron Projects\Library Management\LibrabryManagement\src\test\resources
2023-02-18 14:05:50,520 [Worker-10: Building] INFO  o.e.m.c.i.embedder.EclipseLogger - Using 'UTF-8' encoding to copy filtered resources.
2023-02-18 14:05:50,520 [Worker-10: Building] INFO  o.e.m.c.i.embedder.EclipseLogger - skip non existing resourceDirectory D:\Spring All\Ineuron Projects\Library Management\LibrabryManagement\src\main\resources
2023-02-18 14:05:50,523 [Worker-10: Building] INFO  o.e.m.c.i.embedder.EclipseLogger - Using 'UTF-8' encoding to copy filtered resources.
2023-02-18 14:05:50,523 [Worker-10: Building] INFO  o.e.m.c.i.embedder.EclipseLogger - skip non existing resourceDirectory D:\Spring All\Ineuron Projects\Library Management\LibrabryManagement\src\test\resources
2023-02-18 14:06:49,731 [Worker-7: Building] INFO  o.e.m.c.i.embedder.EclipseLogger - Using 'UTF-8' encoding to copy filtered resources.
2023-02-18 14:06:49,732 [Worker-7: Building] INFO  o.e.m.c.i.embedder.EclipseLogger - skip non existing resourceDirectory D:\Spring All\Ineuron Projects\Library Management\LibrabryManagement\src\main\resources
2023-02-18 14:06:49,733 [Worker-7: Building] INFO  o.e.m.c.i.embedder.EclipseLogger - Using 'UTF-8' encoding to copy filtered resources.
2023-02-18 14:06:49,733 [Worker-7: Building] INFO  o.e.m.c.i.embedder.EclipseLogger - skip non existing resourceDirectory D:\Spring All\Ineuron Projects\Library Management\LibrabryManagement\src\test\resources
2023-02-18 14:06:56,853 [Worker-7: Building] INFO  o.e.m.c.i.embedder.EclipseLogger - Using 'UTF-8' encoding to copy filtered resources.
2023-02-18 14:06:56,854 [Worker-7: Building] INFO  o.e.m.c.i.embedder.EclipseLogger - skip non existing resourceDirectory D:\Spring All\Ineuron Projects\Library Management\LibrabryManagement\src\main\resources
2023-02-18 14:06:56,856 [Worker-7: Building] INFO  o.e.m.c.i.embedder.EclipseLogger - Using 'UTF-8' encoding to copy filtered resources.
2023-02-18 14:06:56,856 [Worker-7: Building] INFO  o.e.m.c.i.embedder.EclipseLogger - skip non existing resourceDirectory D:\Spring All\Ineuron Projects\Library Management\LibrabryManagement\src\test\resources
2023-02-18 14:07:16,843 [Worker-17: Building] INFO  o.e.m.c.i.embedder.EclipseLogger - Using 'UTF-8' encoding to copy filtered resources.
2023-02-18 14:07:16,843 [Worker-17: Building] INFO  o.e.m.c.i.embedder.EclipseLogger - skip non existing resourceDirectory D:\Spring All\Ineuron Projects\Library Management\LibrabryManagement\src\main\resources
2023-02-18 14:07:16,845 [Worker-17: Building] INFO  o.e.m.c.i.embedder.EclipseLogger - Using 'UTF-8' encoding to copy filtered resources.
2023-02-18 14:07:16,845 [Worker-17: Building] INFO  o.e.m.c.i.embedder.EclipseLogger - skip non existing resourceDirectory D:\Spring All\Ineuron Projects\Library Management\LibrabryManagement\src\test\resources
2023-02-18 14:08:20,441 [Worker-16: Building] INFO  o.e.m.c.i.embedder.EclipseLogger - Using 'UTF-8' encoding to copy filtered resources.
2023-02-18 14:08:20,441 [Worker-16: Building] INFO  o.e.m.c.i.embedder.EclipseLogger - skip non existing resourceDirectory D:\Spring All\Ineuron Projects\Library Management\LibrabryManagement\src\main\resources
2023-02-18 14:08:20,444 [Worker-16: Building] INFO  o.e.m.c.i.embedder.EclipseLogger - Using 'UTF-8' encoding to copy filtered resources.
2023-02-18 14:08:20,445 [Worker-16: Building] INFO  o.e.m.c.i.embedder.EclipseLogger - skip non existing resourceDirectory D:\Spring All\Ineuron Projects\Library Management\LibrabryManagement\src\test\resources
2023-02-18 14:09:26,491 [Worker-21: Building] INFO  o.e.m.c.i.embedder.EclipseLogger - Using 'UTF-8' encoding to copy filtered resources.
2023-02-18 14:09:26,491 [Worker-21: Building] INFO  o.e.m.c.i.embedder.EclipseLogger - skip non existing resourceDirectory D:\Spring All\Ineuron Projects\Library Management\LibrabryManagement\src\main\resources
2023-02-18 14:09:26,492 [Worker-21: Building] INFO  o.e.m.c.i.embedder.EclipseLogger - Using 'UTF-8' encoding to copy filtered resources.
2023-02-18 14:09:26,493 [Worker-21: Building] INFO  o.e.m.c.i.embedder.EclipseLogger - skip non existing resourceDirectory D:\Spring All\Ineuron Projects\Library Management\LibrabryManagement\src\test\resources
2023-02-18 14:10:34,741 [Worker-21: Building] INFO  o.e.m.c.i.embedder.EclipseLogger - Using 'UTF-8' encoding to copy filtered resources.
2023-02-18 14:10:34,742 [Worker-21: Building] INFO  o.e.m.c.i.embedder.EclipseLogger - skip non existing resourceDirectory D:\Spring All\Ineuron Projects\Library Management\LibrabryManagement\src\main\resources
2023-02-18 14:10:34,743 [Worker-21: Building] INFO  o.e.m.c.i.embedder.EclipseLogger - Using 'UTF-8' encoding to copy filtered resources.
2023-02-18 14:10:34,743 [Worker-21: Building] INFO  o.e.m.c.i.embedder.EclipseLogger - skip non existing resourceDirectory D:\Spring All\Ineuron Projects\Library Management\LibrabryManagement\src\test\resources
2023-02-18 14:11:13,133 [Worker-22: Building] INFO  o.e.m.c.i.embedder.EclipseLogger - Using 'UTF-8' encoding to copy filtered resources.
2023-02-18 14:11:13,133 [Worker-22: Building] INFO  o.e.m.c.i.embedder.EclipseLogger - skip non existing resourceDirectory D:\Spring All\Ineuron Projects\Library Management\LibrabryManagement\src\main\resources
2023-02-18 14:11:13,136 [Worker-22: Building] INFO  o.e.m.c.i.embedder.EclipseLogger - Using 'UTF-8' encoding to copy filtered resources.
2023-02-18 14:11:13,136 [Worker-22: Building] INFO  o.e.m.c.i.embedder.EclipseLogger - skip non existing resourceDirectory D:\Spring All\Ineuron Projects\Library Management\LibrabryManagement\src\test\resources
2023-02-18 14:11:32,776 [Worker-22: Building] INFO  o.e.m.c.i.embedder.EclipseLogger - Using 'UTF-8' encoding to copy filtered resources.
2023-02-18 14:11:32,776 [Worker-22: Building] INFO  o.e.m.c.i.embedder.EclipseLogger - skip non existing resourceDirectory D:\Spring All\Ineuron Projects\Library Management\LibrabryManagement\src\main\resources
2023-02-18 14:11:32,779 [Worker-22: Building] INFO  o.e.m.c.i.embedder.EclipseLogger - Using 'UTF-8' encoding to copy filtered resources.
2023-02-18 14:11:32,779 [Worker-22: Building] INFO  o.e.m.c.i.embedder.EclipseLogger - skip non existing resourceDirectory D:\Spring All\Ineuron Projects\Library Management\LibrabryManagement\src\test\resources
2023-02-18 14:13:12,268 [Worker-23: Building] INFO  o.e.m.c.i.embedder.EclipseLogger - Using 'UTF-8' encoding to copy filtered resources.
2023-02-18 14:13:12,268 [Worker-23: Building] INFO  o.e.m.c.i.embedder.EclipseLogger - skip non existing resourceDirectory D:\Spring All\Ineuron Projects\Library Management\LibrabryManagement\src\main\resources
2023-02-18 14:13:12,269 [Worker-23: Building] INFO  o.e.m.c.i.embedder.EclipseLogger - Using 'UTF-8' encoding to copy filtered resources.
2023-02-18 14:13:12,270 [Worker-23: Building] INFO  o.e.m.c.i.embedder.EclipseLogger - skip non existing resourceDirectory D:\Spring All\Ineuron Projects\Library Management\LibrabryManagement\src\test\resources
2023-02-18 14:14:33,586 [Worker-23: Building] INFO  o.e.m.c.i.embedder.EclipseLogger - Using 'UTF-8' encoding to copy filtered resources.
2023-02-18 14:14:33,586 [Worker-23: Building] INFO  o.e.m.c.i.embedder.EclipseLogger - skip non existing resourceDirectory D:\Spring All\Ineuron Projects\Library Management\LibrabryManagement\src\main\resources
2023-02-18 14:14:33,587 [Worker-23: Building] INFO  o.e.m.c.i.embedder.EclipseLogger - Using 'UTF-8' encoding to copy filtered resources.
2023-02-18 14:14:33,588 [Worker-23: Building] INFO  o.e.m.c.i.embedder.EclipseLogger - skip non existing resourceDirectory D:\Spring All\Ineuron Projects\Library Management\LibrabryManagement\src\test\resources
2023-02-18 14:15:15,075 [Worker-16: Building] INFO  o.e.m.c.i.embedder.EclipseLogger - Using 'UTF-8' encoding to copy filtered resources.
2023-02-18 14:15:15,076 [Worker-16: Building] INFO  o.e.m.c.i.embedder.EclipseLogger - skip non existing resourceDirectory D:\Spring All\Ineuron Projects\Library Management\LibrabryManagement\src\main\resources
2023-02-18 14:15:15,078 [Worker-16: Building] INFO  o.e.m.c.i.embedder.EclipseLogger - Using 'UTF-8' encoding to copy filtered resources.
2023-02-18 14:15:15,078 [Worker-16: Building] INFO  o.e.m.c.i.embedder.EclipseLogger - skip non existing resourceDirectory D:\Spring All\Ineuron Projects\Library Management\LibrabryManagement\src\test\resources
2023-02-18 14:16:41,926 [Worker-24: Building] INFO  o.e.m.c.i.embedder.EclipseLogger - Using 'UTF-8' encoding to copy filtered resources.
2023-02-18 14:16:41,926 [Worker-24: Building] INFO  o.e.m.c.i.embedder.EclipseLogger - skip non existing resourceDirectory D:\Spring All\Ineuron Projects\Library Management\LibrabryManagement\src\main\resources
2023-02-18 14:16:41,927 [Worker-24: Building] INFO  o.e.m.c.i.embedder.EclipseLogger - Using 'UTF-8' encoding to copy filtered resources.
2023-02-18 14:16:41,928 [Worker-24: Building] INFO  o.e.m.c.i.embedder.EclipseLogger - skip non existing resourceDirectory D:\Spring All\Ineuron Projects\Library Management\LibrabryManagement\src\test\resources
2023-02-18 14:20:00,805 [Worker-22: Building] INFO  o.e.m.c.i.embedder.EclipseLogger - Using 'UTF-8' encoding to copy filtered resources.
2023-02-18 14:20:00,805 [Worker-22: Building] INFO  o.e.m.c.i.embedder.EclipseLogger - skip non existing resourceDirectory D:\Spring All\Ineuron Projects\Library Management\LibrabryManagement\src\main\resources
2023-02-18 14:20:00,807 [Worker-22: Building] INFO  o.e.m.c.i.embedder.EclipseLogger - Using 'UTF-8' encoding to copy filtered resources.
2023-02-18 14:20:00,807 [Worker-22: Building] INFO  o.e.m.c.i.embedder.EclipseLogger - skip non existing resourceDirectory D:\Spring All\Ineuron Projects\Library Management\LibrabryManagement\src\test\resources
2023-02-18 14:20:30,575 [Worker-26: Building] INFO  o.e.m.c.i.embedder.EclipseLogger - Using 'UTF-8' encoding to copy filtered resources.
2023-02-18 14:20:30,576 [Worker-26: Building] INFO  o.e.m.c.i.embedder.EclipseLogger - skip non existing resourceDirectory D:\Spring All\Ineuron Projects\Library Management\LibrabryManagement\src\main\resources
2023-02-18 14:20:30,577 [Worker-26: Building] INFO  o.e.m.c.i.embedder.EclipseLogger - Using 'UTF-8' encoding to copy filtered resources.
2023-02-18 14:20:30,577 [Worker-26: Building] INFO  o.e.m.c.i.embedder.EclipseLogger - skip non existing resourceDirectory D:\Spring All\Ineuron Projects\Library Management\LibrabryManagement\src\test\resources
2023-02-18 14:22:29,086 [Worker-28: Building] INFO  o.e.m.c.i.embedder.EclipseLogger - Using 'UTF-8' encoding to copy filtered resources.
2023-02-18 14:22:29,086 [Worker-28: Building] INFO  o.e.m.c.i.embedder.EclipseLogger - skip non existing resourceDirectory D:\Spring All\Ineuron Projects\Library Management\LibrabryManagement\src\main\resources
2023-02-18 14:22:29,087 [Worker-28: Building] INFO  o.e.m.c.i.embedder.EclipseLogger - Using 'UTF-8' encoding to copy filtered resources.
2023-02-18 14:22:29,087 [Worker-28: Building] INFO  o.e.m.c.i.embedder.EclipseLogger - skip non existing resourceDirectory D:\Spring All\Ineuron Projects\Library Management\LibrabryManagement\src\test\resources
2023-02-18 14:23:57,358 [Worker-26: Building] INFO  o.e.m.c.i.embedder.EclipseLogger - Using 'UTF-8' encoding to copy filtered resources.
2023-02-18 14:23:57,358 [Worker-26: Building] INFO  o.e.m.c.i.embedder.EclipseLogger - skip non existing resourceDirectory D:\Spring All\Ineuron Projects\Library Management\LibrabryManagement\src\main\resources
2023-02-18 14:23:57,360 [Worker-26: Building] INFO  o.e.m.c.i.embedder.EclipseLogger - Using 'UTF-8' encoding to copy filtered resources.
2023-02-18 14:23:57,360 [Worker-26: Building] INFO  o.e.m.c.i.embedder.EclipseLogger - skip non existing resourceDirectory D:\Spring All\Ineuron Projects\Library Management\LibrabryManagement\src\test\resources
2023-02-18 14:24:15,525 [Worker-26: Building] INFO  o.e.m.c.i.embedder.EclipseLogger - Using 'UTF-8' encoding to copy filtered resources.
2023-02-18 14:24:15,525 [Worker-26: Building] INFO  o.e.m.c.i.embedder.EclipseLogger - skip non existing resourceDirectory D:\Spring All\Ineuron Projects\Library Management\LibrabryManagement\src\main\resources
2023-02-18 14:24:15,526 [Worker-26: Building] INFO  o.e.m.c.i.embedder.EclipseLogger - Using 'UTF-8' encoding to copy filtered resources.
2023-02-18 14:24:15,526 [Worker-26: Building] INFO  o.e.m.c.i.embedder.EclipseLogger - skip non existing resourceDirectory D:\Spring All\Ineuron Projects\Library Management\LibrabryManagement\src\test\resources
2023-02-18 14:25:13,620 [Worker-26: Building] INFO  o.e.m.c.i.embedder.EclipseLogger - Using 'UTF-8' encoding to copy filtered resources.
2023-02-18 14:25:13,621 [Worker-26: Building] INFO  o.e.m.c.i.embedder.EclipseLogger - skip non existing resourceDirectory D:\Spring All\Ineuron Projects\Library Management\LibrabryManagement\src\main\resources
2023-02-18 14:25:13,622 [Worker-26: Building] INFO  o.e.m.c.i.embedder.EclipseLogger - Using 'UTF-8' encoding to copy filtered resources.
2023-02-18 14:25:13,622 [Worker-26: Building] INFO  o.e.m.c.i.embedder.EclipseLogger - skip non existing resourceDirectory D:\Spring All\Ineuron Projects\Library Management\LibrabryManagement\src\test\resources
2023-02-18 14:25:49,291 [Worker-27: Building] INFO  o.e.m.c.i.embedder.EclipseLogger - Using 'UTF-8' encoding to copy filtered resources.
2023-02-18 14:25:49,291 [Worker-27: Building] INFO  o.e.m.c.i.embedder.EclipseLogger - skip non existing resourceDirectory D:\Spring All\Ineuron Projects\Library Management\LibrabryManagement\src\main\resources
2023-02-18 14:25:49,292 [Worker-27: Building] INFO  o.e.m.c.i.embedder.EclipseLogger - Using 'UTF-8' encoding to copy filtered resources.
2023-02-18 14:25:49,292 [Worker-27: Building] INFO  o.e.m.c.i.embedder.EclipseLogger - skip non existing resourceDirectory D:\Spring All\Ineuron Projects\Library Management\LibrabryManagement\src\test\resources
2023-02-18 14:26:28,096 [Worker-24: Building] INFO  o.e.m.c.i.embedder.EclipseLogger - Using 'UTF-8' encoding to copy filtered resources.
2023-02-18 14:26:28,096 [Worker-24: Building] INFO  o.e.m.c.i.embedder.EclipseLogger - skip non existing resourceDirectory D:\Spring All\Ineuron Projects\Library Management\LibrabryManagement\src\main\resources
2023-02-18 14:26:28,097 [Worker-24: Building] INFO  o.e.m.c.i.embedder.EclipseLogger - Using 'UTF-8' encoding to copy filtered resources.
2023-02-18 14:26:28,097 [Worker-24: Building] INFO  o.e.m.c.i.embedder.EclipseLogger - skip non existing resourceDirectory D:\Spring All\Ineuron Projects\Library Management\LibrabryManagement\src\test\resources
2023-02-18 14:26:34,040 [Worker-29: Building] INFO  o.e.m.c.i.embedder.EclipseLogger - Using 'UTF-8' encoding to copy filtered resources.
2023-02-18 14:26:34,041 [Worker-29: Building] INFO  o.e.m.c.i.embedder.EclipseLogger - skip non existing resourceDirectory D:\Spring All\Ineuron Projects\Library Management\LibrabryManagement\src\main\resources
2023-02-18 14:26:34,042 [Worker-29: Building] INFO  o.e.m.c.i.embedder.EclipseLogger - Using 'UTF-8' encoding to copy filtered resources.
2023-02-18 14:26:34,042 [Worker-29: Building] INFO  o.e.m.c.i.embedder.EclipseLogger - skip non existing resourceDirectory D:\Spring All\Ineuron Projects\Library Management\LibrabryManagement\src\test\resources
2023-02-18 14:26:45,755 [Worker-22: Building] INFO  o.e.m.c.i.embedder.EclipseLogger - Using 'UTF-8' encoding to copy filtered resources.
2023-02-18 14:26:45,756 [Worker-22: Building] INFO  o.e.m.c.i.embedder.EclipseLogger - skip non existing resourceDirectory D:\Spring All\Ineuron Projects\Library Management\LibrabryManagement\src\main\resources
2023-02-18 14:26:45,757 [Worker-22: Building] INFO  o.e.m.c.i.embedder.EclipseLogger - Using 'UTF-8' encoding to copy filtered resources.
2023-02-18 14:26:45,757 [Worker-22: Building] INFO  o.e.m.c.i.embedder.EclipseLogger - skip non existing resourceDirectory D:\Spring All\Ineuron Projects\Library Management\LibrabryManagement\src\test\resources
2023-02-18 14:27:39,942 [Worker-28: Building] INFO  o.e.m.c.i.embedder.EclipseLogger - Using 'UTF-8' encoding to copy filtered resources.
2023-02-18 14:27:39,942 [Worker-28: Building] INFO  o.e.m.c.i.embedder.EclipseLogger - skip non existing resourceDirectory D:\Spring All\Ineuron Projects\Library Management\LibrabryManagement\src\main\resources
2023-02-18 14:27:39,944 [Worker-28: Building] INFO  o.e.m.c.i.embedder.EclipseLogger - Using 'UTF-8' encoding to copy filtered resources.
2023-02-18 14:27:39,944 [Worker-28: Building] INFO  o.e.m.c.i.embedder.EclipseLogger - skip non existing resourceDirectory D:\Spring All\Ineuron Projects\Library Management\LibrabryManagement\src\test\resources
2023-02-18 14:31:20,398 [Worker-25: Building] INFO  o.e.m.c.i.embedder.EclipseLogger - Using 'UTF-8' encoding to copy filtered resources.
2023-02-18 14:31:20,399 [Worker-25: Building] INFO  o.e.m.c.i.embedder.EclipseLogger - skip non existing resourceDirectory D:\Spring All\Ineuron Projects\Library Management\LibrabryManagement\src\main\resources
2023-02-18 14:31:20,401 [Worker-25: Building] INFO  o.e.m.c.i.embedder.EclipseLogger - Using 'UTF-8' encoding to copy filtered resources.
2023-02-18 14:31:20,401 [Worker-25: Building] INFO  o.e.m.c.i.embedder.EclipseLogger - skip non existing resourceDirectory D:\Spring All\Ineuron Projects\Library Management\LibrabryManagement\src\test\resources
2023-02-18 14:31:37,908 [Worker-25: Building] INFO  o.e.m.c.i.embedder.EclipseLogger - Using 'UTF-8' encoding to copy filtered resources.
2023-02-18 14:31:37,909 [Worker-25: Building] INFO  o.e.m.c.i.embedder.EclipseLogger - skip non existing resourceDirectory D:\Spring All\Ineuron Projects\Library Management\LibrabryManagement\src\main\resources
2023-02-18 14:31:37,910 [Worker-25: Building] INFO  o.e.m.c.i.embedder.EclipseLogger - Using 'UTF-8' encoding to copy filtered resources.
2023-02-18 14:31:37,910 [Worker-25: Building] INFO  o.e.m.c.i.embedder.EclipseLogger - skip non existing resourceDirectory D:\Spring All\Ineuron Projects\Library Management\LibrabryManagement\src\test\resources
2023-02-18 14:32:27,753 [Worker-22: Building] INFO  o.e.m.c.i.embedder.EclipseLogger - Using 'UTF-8' encoding to copy filtered resources.
2023-02-18 14:32:27,753 [Worker-22: Building] INFO  o.e.m.c.i.embedder.EclipseLogger - skip non existing resourceDirectory D:\Spring All\Ineuron Projects\Library Management\LibrabryManagement\src\main\resources
2023-02-18 14:32:27,754 [Worker-22: Building] INFO  o.e.m.c.i.embedder.EclipseLogger - Using 'UTF-8' encoding to copy filtered resources.
2023-02-18 14:32:27,754 [Worker-22: Building] INFO  o.e.m.c.i.embedder.EclipseLogger - skip non existing resourceDirectory D:\Spring All\Ineuron Projects\Library Management\LibrabryManagement\src\test\resources
2023-02-18 14:32:32,658 [Worker-25: Building] INFO  o.e.m.c.i.embedder.EclipseLogger - Using 'UTF-8' encoding to copy filtered resources.
2023-02-18 14:32:32,658 [Worker-25: Building] INFO  o.e.m.c.i.embedder.EclipseLogger - skip non existing resourceDirectory D:\Spring All\Ineuron Projects\Library Management\LibrabryManagement\src\main\resources
2023-02-18 14:32:32,660 [Worker-25: Building] INFO  o.e.m.c.i.embedder.EclipseLogger - Using 'UTF-8' encoding to copy filtered resources.
2023-02-18 14:32:32,660 [Worker-25: Building] INFO  o.e.m.c.i.embedder.EclipseLogger - skip non existing resourceDirectory D:\Spring All\Ineuron Projects\Library Management\LibrabryManagement\src\test\resources
2023-02-18 14:32:41,570 [Worker-25: Building] INFO  o.e.m.c.i.embedder.EclipseLogger - Using 'UTF-8' encoding to copy filtered resources.
2023-02-18 14:32:41,571 [Worker-25: Building] INFO  o.e.m.c.i.embedder.EclipseLogger - skip non existing resourceDirectory D:\Spring All\Ineuron Projects\Library Management\LibrabryManagement\src\main\resources
2023-02-18 14:32:41,572 [Worker-25: Building] INFO  o.e.m.c.i.embedder.EclipseLogger - Using 'UTF-8' encoding to copy filtered resources.
2023-02-18 14:32:41,572 [Worker-25: Building] INFO  o.e.m.c.i.embedder.EclipseLogger - skip non existing resourceDirectory D:\Spring All\Ineuron Projects\Library Management\LibrabryManagement\src\test\resources
2023-02-18 14:32:52,373 [Worker-26: Building] INFO  o.e.m.c.i.embedder.EclipseLogger - Using 'UTF-8' encoding to copy filtered resources.
2023-02-18 14:32:52,374 [Worker-26: Building] INFO  o.e.m.c.i.embedder.EclipseLogger - skip non existing resourceDirectory D:\Spring All\Ineuron Projects\Library Management\LibrabryManagement\src\main\resources
2023-02-18 14:32:52,374 [Worker-26: Building] INFO  o.e.m.c.i.embedder.EclipseLogger - Using 'UTF-8' encoding to copy filtered resources.
2023-02-18 14:32:52,375 [Worker-26: Building] INFO  o.e.m.c.i.embedder.EclipseLogger - skip non existing resourceDirectory D:\Spring All\Ineuron Projects\Library Management\LibrabryManagement\src\test\resources
2023-02-18 14:35:30,258 [Worker-25: Building] INFO  o.e.m.c.i.embedder.EclipseLogger - Using 'UTF-8' encoding to copy filtered resources.
2023-02-18 14:35:30,259 [Worker-25: Building] INFO  o.e.m.c.i.embedder.EclipseLogger - skip non existing resourceDirectory D:\Spring All\Ineuron Projects\Library Management\LibrabryManagement\src\main\resources
2023-02-18 14:35:30,261 [Worker-25: Building] INFO  o.e.m.c.i.embedder.EclipseLogger - Using 'UTF-8' encoding to copy filtered resources.
2023-02-18 14:35:30,261 [Worker-25: Building] INFO  o.e.m.c.i.embedder.EclipseLogger - skip non existing resourceDirectory D:\Spring All\Ineuron Projects\Library Management\LibrabryManagement\src\test\resources
2023-02-18 14:35:40,515 [Worker-29: Building] INFO  o.e.m.c.i.embedder.EclipseLogger - Using 'UTF-8' encoding to copy filtered resources.
2023-02-18 14:35:40,516 [Worker-29: Building] INFO  o.e.m.c.i.embedder.EclipseLogger - skip non existing resourceDirectory D:\Spring All\Ineuron Projects\Library Management\LibrabryManagement\src\main\resources
2023-02-18 14:35:40,518 [Worker-29: Building] INFO  o.e.m.c.i.embedder.EclipseLogger - Using 'UTF-8' encoding to copy filtered resources.
2023-02-18 14:35:40,518 [Worker-29: Building] INFO  o.e.m.c.i.embedder.EclipseLogger - skip non existing resourceDirectory D:\Spring All\Ineuron Projects\Library Management\LibrabryManagement\src\test\resources
2023-02-18 14:35:50,327 [Worker-22: Building] INFO  o.e.m.c.i.embedder.EclipseLogger - Using 'UTF-8' encoding to copy filtered resources.
2023-02-18 14:35:50,328 [Worker-22: Building] INFO  o.e.m.c.i.embedder.EclipseLogger - skip non existing resourceDirectory D:\Spring All\Ineuron Projects\Library Management\LibrabryManagement\src\main\resources
2023-02-18 14:35:50,330 [Worker-22: Building] INFO  o.e.m.c.i.embedder.EclipseLogger - Using 'UTF-8' encoding to copy filtered resources.
2023-02-18 14:35:50,330 [Worker-22: Building] INFO  o.e.m.c.i.embedder.EclipseLogger - skip non existing resourceDirectory D:\Spring All\Ineuron Projects\Library Management\LibrabryManagement\src\test\resources
2023-02-18 14:36:06,123 [Worker-22: Building] INFO  o.e.m.c.i.embedder.EclipseLogger - Using 'UTF-8' encoding to copy filtered resources.
2023-02-18 14:36:06,124 [Worker-22: Building] INFO  o.e.m.c.i.embedder.EclipseLogger - skip non existing resourceDirectory D:\Spring All\Ineuron Projects\Library Management\LibrabryManagement\src\main\resources
2023-02-18 14:36:06,126 [Worker-22: Building] INFO  o.e.m.c.i.embedder.EclipseLogger - Using 'UTF-8' encoding to copy filtered resources.
2023-02-18 14:36:06,127 [Worker-22: Building] INFO  o.e.m.c.i.embedder.EclipseLogger - skip non existing resourceDirectory D:\Spring All\Ineuron Projects\Library Management\LibrabryManagement\src\test\resources
2023-02-18 14:36:59,151 [Worker-31: Building] INFO  o.e.m.c.i.embedder.EclipseLogger - Using 'UTF-8' encoding to copy filtered resources.
2023-02-18 14:36:59,151 [Worker-31: Building] INFO  o.e.m.c.i.embedder.EclipseLogger - skip non existing resourceDirectory D:\Spring All\Ineuron Projects\Library Management\LibrabryManagement\src\main\resources
2023-02-18 14:36:59,154 [Worker-31: Building] INFO  o.e.m.c.i.embedder.EclipseLogger - Using 'UTF-8' encoding to copy filtered resources.
2023-02-18 14:36:59,154 [Worker-31: Building] INFO  o.e.m.c.i.embedder.EclipseLogger - skip non existing resourceDirectory D:\Spring All\Ineuron Projects\Library Management\LibrabryManagement\src\test\resources
2023-02-18 14:37:04,435 [Worker-30: Building] INFO  o.e.m.c.i.embedder.EclipseLogger - Using 'UTF-8' encoding to copy filtered resources.
2023-02-18 14:37:04,436 [Worker-30: Building] INFO  o.e.m.c.i.embedder.EclipseLogger - skip non existing resourceDirectory D:\Spring All\Ineuron Projects\Library Management\LibrabryManagement\src\main\resources
2023-02-18 14:37:04,439 [Worker-30: Building] INFO  o.e.m.c.i.embedder.EclipseLogger - Using 'UTF-8' encoding to copy filtered resources.
2023-02-18 14:37:04,439 [Worker-30: Building] INFO  o.e.m.c.i.embedder.EclipseLogger - skip non existing resourceDirectory D:\Spring All\Ineuron Projects\Library Management\LibrabryManagement\src\test\resources
2023-02-18 14:37:29,168 [Worker-29: Building] INFO  o.e.m.c.i.embedder.EclipseLogger - Using 'UTF-8' encoding to copy filtered resources.
2023-02-18 14:37:29,168 [Worker-29: Building] INFO  o.e.m.c.i.embedder.EclipseLogger - skip non existing resourceDirectory D:\Spring All\Ineuron Projects\Library Management\LibrabryManagement\src\main\resources
2023-02-18 14:37:29,172 [Worker-29: Building] INFO  o.e.m.c.i.embedder.EclipseLogger - Using 'UTF-8' encoding to copy filtered resources.
2023-02-18 14:37:29,172 [Worker-29: Building] INFO  o.e.m.c.i.embedder.EclipseLogger - skip non existing resourceDirectory D:\Spring All\Ineuron Projects\Library Management\LibrabryManagement\src\test\resources
2023-02-18 14:38:14,828 [Worker-22: Building] INFO  o.e.m.c.i.embedder.EclipseLogger - Using 'UTF-8' encoding to copy filtered resources.
2023-02-18 14:38:14,830 [Worker-22: Building] INFO  o.e.m.c.i.embedder.EclipseLogger - skip non existing resourceDirectory D:\Spring All\Ineuron Projects\Library Management\LibrabryManagement\src\main\resources
2023-02-18 14:38:14,833 [Worker-22: Building] INFO  o.e.m.c.i.embedder.EclipseLogger - Using 'UTF-8' encoding to copy filtered resources.
2023-02-18 14:38:14,833 [Worker-22: Building] INFO  o.e.m.c.i.embedder.EclipseLogger - skip non existing resourceDirectory D:\Spring All\Ineuron Projects\Library Management\LibrabryManagement\src\test\resources
2023-02-18 14:38:52,145 [Worker-22: Building] INFO  o.e.m.c.i.embedder.EclipseLogger - Using 'UTF-8' encoding to copy filtered resources.
2023-02-18 14:38:52,145 [Worker-22: Building] INFO  o.e.m.c.i.embedder.EclipseLogger - skip non existing resourceDirectory D:\Spring All\Ineuron Projects\Library Management\LibrabryManagement\src\main\resources
2023-02-18 14:38:52,148 [Worker-22: Building] INFO  o.e.m.c.i.embedder.EclipseLogger - Using 'UTF-8' encoding to copy filtered resources.
2023-02-18 14:38:52,148 [Worker-22: Building] INFO  o.e.m.c.i.embedder.EclipseLogger - skip non existing resourceDirectory D:\Spring All\Ineuron Projects\Library Management\LibrabryManagement\src\test\resources
2023-02-18 14:39:21,771 [Worker-29: Building] INFO  o.e.m.c.i.embedder.EclipseLogger - Using 'UTF-8' encoding to copy filtered resources.
2023-02-18 14:39:21,772 [Worker-29: Building] INFO  o.e.m.c.i.embedder.EclipseLogger - skip non existing resourceDirectory D:\Spring All\Ineuron Projects\Library Management\LibrabryManagement\src\main\resources
2023-02-18 14:39:21,775 [Worker-29: Building] INFO  o.e.m.c.i.embedder.EclipseLogger - Using 'UTF-8' encoding to copy filtered resources.
2023-02-18 14:39:21,775 [Worker-29: Building] INFO  o.e.m.c.i.embedder.EclipseLogger - skip non existing resourceDirectory D:\Spring All\Ineuron Projects\Library Management\LibrabryManagement\src\test\resources
2023-02-18 14:39:28,848 [Worker-22: Building] INFO  o.e.m.c.i.embedder.EclipseLogger - Using 'UTF-8' encoding to copy filtered resources.
2023-02-18 14:39:28,849 [Worker-22: Building] INFO  o.e.m.c.i.embedder.EclipseLogger - skip non existing resourceDirectory D:\Spring All\Ineuron Projects\Library Management\LibrabryManagement\src\main\resources
2023-02-18 14:39:28,853 [Worker-22: Building] INFO  o.e.m.c.i.embedder.EclipseLogger - Using 'UTF-8' encoding to copy filtered resources.
2023-02-18 14:39:28,854 [Worker-22: Building] INFO  o.e.m.c.i.embedder.EclipseLogger - skip non existing resourceDirectory D:\Spring All\Ineuron Projects\Library Management\LibrabryManagement\src\test\resources
2023-02-18 14:39:47,149 [Worker-29: Building] INFO  o.e.m.c.i.embedder.EclipseLogger - Using 'UTF-8' encoding to copy filtered resources.
2023-02-18 14:39:47,149 [Worker-29: Building] INFO  o.e.m.c.i.embedder.EclipseLogger - skip non existing resourceDirectory D:\Spring All\Ineuron Projects\Library Management\LibrabryManagement\src\main\resources
2023-02-18 14:39:47,153 [Worker-29: Building] INFO  o.e.m.c.i.embedder.EclipseLogger - Using 'UTF-8' encoding to copy filtered resources.
2023-02-18 14:39:47,153 [Worker-29: Building] INFO  o.e.m.c.i.embedder.EclipseLogger - skip non existing resourceDirectory D:\Spring All\Ineuron Projects\Library Management\LibrabryManagement\src\test\resources
2023-02-18 14:40:06,287 [Worker-31: Building] INFO  o.e.m.c.i.embedder.EclipseLogger - Using 'UTF-8' encoding to copy filtered resources.
2023-02-18 14:40:06,288 [Worker-31: Building] INFO  o.e.m.c.i.embedder.EclipseLogger - skip non existing resourceDirectory D:\Spring All\Ineuron Projects\Library Management\LibrabryManagement\src\main\resources
2023-02-18 14:40:06,290 [Worker-31: Building] INFO  o.e.m.c.i.embedder.EclipseLogger - Using 'UTF-8' encoding to copy filtered resources.
2023-02-18 14:40:06,290 [Worker-31: Building] INFO  o.e.m.c.i.embedder.EclipseLogger - skip non existing resourceDirectory D:\Spring All\Ineuron Projects\Library Management\LibrabryManagement\src\test\resources
2023-02-18 14:40:34,896 [Worker-31: Building] INFO  o.e.m.c.i.embedder.EclipseLogger - Using 'UTF-8' encoding to copy filtered resources.
2023-02-18 14:40:34,896 [Worker-31: Building] INFO  o.e.m.c.i.embedder.EclipseLogger - skip non existing resourceDirectory D:\Spring All\Ineuron Projects\Library Management\LibrabryManagement\src\main\resources
2023-02-18 14:40:34,899 [Worker-31: Building] INFO  o.e.m.c.i.embedder.EclipseLogger - Using 'UTF-8' encoding to copy filtered resources.
2023-02-18 14:40:34,899 [Worker-31: Building] INFO  o.e.m.c.i.embedder.EclipseLogger - skip non existing resourceDirectory D:\Spring All\Ineuron Projects\Library Management\LibrabryManagement\src\test\resources
2023-02-18 14:41:00,737 [Worker-31: Building] INFO  o.e.m.c.i.embedder.EclipseLogger - Using 'UTF-8' encoding to copy filtered resources.
2023-02-18 14:41:00,738 [Worker-31: Building] INFO  o.e.m.c.i.embedder.EclipseLogger - skip non existing resourceDirectory D:\Spring All\Ineuron Projects\Library Management\LibrabryManagement\src\main\resources
2023-02-18 14:41:00,740 [Worker-31: Building] INFO  o.e.m.c.i.embedder.EclipseLogger - Using 'UTF-8' encoding to copy filtered resources.
2023-02-18 14:41:00,741 [Worker-31: Building] INFO  o.e.m.c.i.embedder.EclipseLogger - skip non existing resourceDirectory D:\Spring All\Ineuron Projects\Library Management\LibrabryManagement\src\test\resources
2023-02-18 14:41:04,852 [Worker-22: Building] INFO  o.e.m.c.i.embedder.EclipseLogger - Using 'UTF-8' encoding to copy filtered resources.
2023-02-18 14:41:04,852 [Worker-22: Building] INFO  o.e.m.c.i.embedder.EclipseLogger - skip non existing resourceDirectory D:\Spring All\Ineuron Projects\Library Management\LibrabryManagement\src\main\resources
2023-02-18 14:41:04,855 [Worker-22: Building] INFO  o.e.m.c.i.embedder.EclipseLogger - Using 'UTF-8' encoding to copy filtered resources.
2023-02-18 14:41:04,857 [Worker-22: Building] INFO  o.e.m.c.i.embedder.EclipseLogger - skip non existing resourceDirectory D:\Spring All\Ineuron Projects\Library Management\LibrabryManagement\src\test\resources
2023-02-18 14:41:11,318 [Worker-22: Building] INFO  o.e.m.c.i.embedder.EclipseLogger - Using 'UTF-8' encoding to copy filtered resources.
2023-02-18 14:41:11,319 [Worker-22: Building] INFO  o.e.m.c.i.embedder.EclipseLogger - skip non existing resourceDirectory D:\Spring All\Ineuron Projects\Library Management\LibrabryManagement\src\main\resources
2023-02-18 14:41:11,324 [Worker-22: Building] INFO  o.e.m.c.i.embedder.EclipseLogger - Using 'UTF-8' encoding to copy filtered resources.
2023-02-18 14:41:11,325 [Worker-22: Building] INFO  o.e.m.c.i.embedder.EclipseLogger - skip non existing resourceDirectory D:\Spring All\Ineuron Projects\Library Management\LibrabryManagement\src\test\resources
2023-02-18 14:41:22,567 [Worker-31: Building] INFO  o.e.m.c.i.embedder.EclipseLogger - Using 'UTF-8' encoding to copy filtered resources.
2023-02-18 14:41:22,568 [Worker-31: Building] INFO  o.e.m.c.i.embedder.EclipseLogger - skip non existing resourceDirectory D:\Spring All\Ineuron Projects\Library Management\LibrabryManagement\src\main\resources
2023-02-18 14:41:22,570 [Worker-31: Building] INFO  o.e.m.c.i.embedder.EclipseLogger - Using 'UTF-8' encoding to copy filtered resources.
2023-02-18 14:41:22,570 [Worker-31: Building] INFO  o.e.m.c.i.embedder.EclipseLogger - skip non existing resourceDirectory D:\Spring All\Ineuron Projects\Library Management\LibrabryManagement\src\test\resources
2023-02-18 14:41:27,952 [Worker-31: Building] INFO  o.e.m.c.i.embedder.EclipseLogger - Using 'UTF-8' encoding to copy filtered resources.
2023-02-18 14:41:27,953 [Worker-31: Building] INFO  o.e.m.c.i.embedder.EclipseLogger - skip non existing resourceDirectory D:\Spring All\Ineuron Projects\Library Management\LibrabryManagement\src\main\resources
2023-02-18 14:41:27,955 [Worker-31: Building] INFO  o.e.m.c.i.embedder.EclipseLogger - Using 'UTF-8' encoding to copy filtered resources.
2023-02-18 14:41:27,956 [Worker-31: Building] INFO  o.e.m.c.i.embedder.EclipseLogger - skip non existing resourceDirectory D:\Spring All\Ineuron Projects\Library Management\LibrabryManagement\src\test\resources
2023-02-18 14:41:49,002 [Worker-31: Building] INFO  o.e.m.c.i.embedder.EclipseLogger - Using 'UTF-8' encoding to copy filtered resources.
2023-02-18 14:41:49,003 [Worker-31: Building] INFO  o.e.m.c.i.embedder.EclipseLogger - skip non existing resourceDirectory D:\Spring All\Ineuron Projects\Library Management\LibrabryManagement\src\main\resources
2023-02-18 14:41:49,005 [Worker-31: Building] INFO  o.e.m.c.i.embedder.EclipseLogger - Using 'UTF-8' encoding to copy filtered resources.
2023-02-18 14:41:49,005 [Worker-31: Building] INFO  o.e.m.c.i.embedder.EclipseLogger - skip non existing resourceDirectory D:\Spring All\Ineuron Projects\Library Management\LibrabryManagement\src\test\resources
2023-02-18 14:42:03,322 [Worker-30: Building] INFO  o.e.m.c.i.embedder.EclipseLogger - Using 'UTF-8' encoding to copy filtered resources.
2023-02-18 14:42:03,323 [Worker-30: Building] INFO  o.e.m.c.i.embedder.EclipseLogger - skip non existing resourceDirectory D:\Spring All\Ineuron Projects\Library Management\LibrabryManagement\src\main\resources
2023-02-18 14:42:03,328 [Worker-30: Building] INFO  o.e.m.c.i.embedder.EclipseLogger - Using 'UTF-8' encoding to copy filtered resources.
2023-02-18 14:42:03,329 [Worker-30: Building] INFO  o.e.m.c.i.embedder.EclipseLogger - skip non existing resourceDirectory D:\Spring All\Ineuron Projects\Library Management\LibrabryManagement\src\test\resources
2023-02-18 14:43:20,685 [Worker-31: Building] INFO  o.e.m.c.i.embedder.EclipseLogger - Using 'UTF-8' encoding to copy filtered resources.
2023-02-18 14:43:20,687 [Worker-31: Building] INFO  o.e.m.c.i.embedder.EclipseLogger - skip non existing resourceDirectory D:\Spring All\Ineuron Projects\Library Management\LibrabryManagement\src\main\resources
2023-02-18 14:43:20,690 [Worker-31: Building] INFO  o.e.m.c.i.embedder.EclipseLogger - Using 'UTF-8' encoding to copy filtered resources.
2023-02-18 14:43:20,690 [Worker-31: Building] INFO  o.e.m.c.i.embedder.EclipseLogger - skip non existing resourceDirectory D:\Spring All\Ineuron Projects\Library Management\LibrabryManagement\src\test\resources
2023-02-18 14:43:35,318 [Worker-29: Building] INFO  o.e.m.c.i.embedder.EclipseLogger - Using 'UTF-8' encoding to copy filtered resources.
2023-02-18 14:43:35,318 [Worker-29: Building] INFO  o.e.m.c.i.embedder.EclipseLogger - skip non existing resourceDirectory D:\Spring All\Ineuron Projects\Library Management\LibrabryManagement\src\main\resources
2023-02-18 14:43:35,321 [Worker-29: Building] INFO  o.e.m.c.i.embedder.EclipseLogger - Using 'UTF-8' encoding to copy filtered resources.
2023-02-18 14:43:35,321 [Worker-29: Building] INFO  o.e.m.c.i.embedder.EclipseLogger - skip non existing resourceDirectory D:\Spring All\Ineuron Projects\Library Management\LibrabryManagement\src\test\resources
2023-02-18 14:43:41,252 [Worker-22: Building] INFO  o.e.m.c.i.embedder.EclipseLogger - Using 'UTF-8' encoding to copy filtered resources.
2023-02-18 14:43:41,253 [Worker-22: Building] INFO  o.e.m.c.i.embedder.EclipseLogger - skip non existing resourceDirectory D:\Spring All\Ineuron Projects\Library Management\LibrabryManagement\src\main\resources
2023-02-18 14:43:41,257 [Worker-22: Building] INFO  o.e.m.c.i.embedder.EclipseLogger - Using 'UTF-8' encoding to copy filtered resources.
2023-02-18 14:43:41,257 [Worker-22: Building] INFO  o.e.m.c.i.embedder.EclipseLogger - skip non existing resourceDirectory D:\Spring All\Ineuron Projects\Library Management\LibrabryManagement\src\test\resources
2023-02-18 14:43:49,103 [Worker-29: Building] INFO  o.e.m.c.i.embedder.EclipseLogger - Using 'UTF-8' encoding to copy filtered resources.
2023-02-18 14:43:49,103 [Worker-29: Building] INFO  o.e.m.c.i.embedder.EclipseLogger - skip non existing resourceDirectory D:\Spring All\Ineuron Projects\Library Management\LibrabryManagement\src\main\resources
2023-02-18 14:43:49,106 [Worker-29: Building] INFO  o.e.m.c.i.embedder.EclipseLogger - Using 'UTF-8' encoding to copy filtered resources.
2023-02-18 14:43:49,107 [Worker-29: Building] INFO  o.e.m.c.i.embedder.EclipseLogger - skip non existing resourceDirectory D:\Spring All\Ineuron Projects\Library Management\LibrabryManagement\src\test\resources
2023-02-18 14:46:58,696 [Worker-31: Building] INFO  o.e.m.c.i.embedder.EclipseLogger - Using 'UTF-8' encoding to copy filtered resources.
2023-02-18 14:46:58,696 [Worker-31: Building] INFO  o.e.m.c.i.embedder.EclipseLogger - skip non existing resourceDirectory D:\Spring All\Ineuron Projects\Library Management\LibrabryManagement\src\main\resources
2023-02-18 14:46:58,698 [Worker-31: Building] INFO  o.e.m.c.i.embedder.EclipseLogger - Using 'UTF-8' encoding to copy filtered resources.
2023-02-18 14:46:58,698 [Worker-31: Building] INFO  o.e.m.c.i.embedder.EclipseLogger - skip non existing resourceDirectory D:\Spring All\Ineuron Projects\Library Management\LibrabryManagement\src\test\resources
2023-02-18 14:47:21,992 [Worker-32: Building] INFO  o.e.m.c.i.embedder.EclipseLogger - Using 'UTF-8' encoding to copy filtered resources.
2023-02-18 14:47:21,993 [Worker-32: Building] INFO  o.e.m.c.i.embedder.EclipseLogger - skip non existing resourceDirectory D:\Spring All\Ineuron Projects\Library Management\LibrabryManagement\src\main\resources
2023-02-18 14:47:21,997 [Worker-32: Building] INFO  o.e.m.c.i.embedder.EclipseLogger - Using 'UTF-8' encoding to copy filtered resources.
2023-02-18 14:47:21,998 [Worker-32: Building] INFO  o.e.m.c.i.embedder.EclipseLogger - skip non existing resourceDirectory D:\Spring All\Ineuron Projects\Library Management\LibrabryManagement\src\test\resources
2023-02-18 14:48:21,140 [Worker-34: Building] INFO  o.e.m.c.i.embedder.EclipseLogger - Using 'UTF-8' encoding to copy filtered resources.
2023-02-18 14:48:21,141 [Worker-34: Building] INFO  o.e.m.c.i.embedder.EclipseLogger - skip non existing resourceDirectory D:\Spring All\Ineuron Projects\Library Management\LibrabryManagement\src\main\resources
2023-02-18 14:48:21,145 [Worker-34: Building] INFO  o.e.m.c.i.embedder.EclipseLogger - Using 'UTF-8' encoding to copy filtered resources.
2023-02-18 14:48:21,145 [Worker-34: Building] INFO  o.e.m.c.i.embedder.EclipseLogger - skip non existing resourceDirectory D:\Spring All\Ineuron Projects\Library Management\LibrabryManagement\src\test\resources
2023-02-18 14:51:07,341 [Worker-35: Building] INFO  o.e.m.c.i.embedder.EclipseLogger - Using 'UTF-8' encoding to copy filtered resources.
2023-02-18 14:51:07,342 [Worker-35: Building] INFO  o.e.m.c.i.embedder.EclipseLogger - skip non existing resourceDirectory D:\Spring All\Ineuron Projects\Library Management\LibrabryManagement\src\main\resources
2023-02-18 14:51:07,346 [Worker-35: Building] INFO  o.e.m.c.i.embedder.EclipseLogger - Using 'UTF-8' encoding to copy filtered resources.
2023-02-18 14:51:07,346 [Worker-35: Building] INFO  o.e.m.c.i.embedder.EclipseLogger - skip non existing resourceDirectory D:\Spring All\Ineuron Projects\Library Management\LibrabryManagement\src\test\resources
2023-02-18 15:33:17,873 [Worker-51: Building] INFO  o.e.m.c.i.embedder.EclipseLogger - Using 'UTF-8' encoding to copy filtered resources.
2023-02-18 15:33:17,874 [Worker-51: Building] INFO  o.e.m.c.i.embedder.EclipseLogger - skip non existing resourceDirectory D:\Spring All\Ineuron Projects\Library Management\LibrabryManagement\src\main\resources
2023-02-18 15:33:17,876 [Worker-51: Building] INFO  o.e.m.c.i.embedder.EclipseLogger - Using 'UTF-8' encoding to copy filtered resources.
2023-02-18 15:33:17,877 [Worker-51: Building] INFO  o.e.m.c.i.embedder.EclipseLogger - skip non existing resourceDirectory D:\Spring All\Ineuron Projects\Library Management\LibrabryManagement\src\test\resources
2023-02-18 15:33:31,834 [Worker-54: Building] INFO  o.e.m.c.i.embedder.EclipseLogger - Using 'UTF-8' encoding to copy filtered resources.
2023-02-18 15:33:31,835 [Worker-54: Building] INFO  o.e.m.c.i.embedder.EclipseLogger - skip non existing resourceDirectory D:\Spring All\Ineuron Projects\Library Management\LibrabryManagement\src\main\resources
2023-02-18 15:33:31,838 [Worker-54: Building] INFO  o.e.m.c.i.embedder.EclipseLogger - Using 'UTF-8' encoding to copy filtered resources.
2023-02-18 15:33:31,839 [Worker-54: Building] INFO  o.e.m.c.i.embedder.EclipseLogger - skip non existing resourceDirectory D:\Spring All\Ineuron Projects\Library Management\LibrabryManagement\src\test\resources
2023-02-18 15:33:52,744 [Worker-51: Building Workspace] INFO  o.e.m.c.i.embedder.EclipseLogger - Using 'UTF-8' encoding to copy filtered resources.
2023-02-18 15:33:52,744 [Worker-51: Building Workspace] INFO  o.e.m.c.i.embedder.EclipseLogger - skip non existing resourceDirectory D:\Spring All\Ineuron Projects\Library Management\LibrabryManagement\src\main\resources
2023-02-18 15:33:52,749 [Worker-51: Building Workspace] INFO  o.e.m.c.i.embedder.EclipseLogger - Using 'UTF-8' encoding to copy filtered resources.
2023-02-18 15:33:52,750 [Worker-51: Building Workspace] INFO  o.e.m.c.i.embedder.EclipseLogger - skip non existing resourceDirectory D:\Spring All\Ineuron Projects\Library Management\LibrabryManagement\src\test\resources
2023-02-18 15:33:59,003 [Worker-52: Building] INFO  o.e.m.c.i.embedder.EclipseLogger - Using 'UTF-8' encoding to copy filtered resources.
2023-02-18 15:33:59,003 [Worker-52: Building] INFO  o.e.m.c.i.embedder.EclipseLogger - skip non existing resourceDirectory D:\Spring All\Ineuron Projects\Library Management\LibrabryManagement\src\main\resources
2023-02-18 15:33:59,007 [Worker-52: Building] INFO  o.e.m.c.i.embedder.EclipseLogger - Using 'UTF-8' encoding to copy filtered resources.
2023-02-18 15:33:59,007 [Worker-52: Building] INFO  o.e.m.c.i.embedder.EclipseLogger - skip non existing resourceDirectory D:\Spring All\Ineuron Projects\Library Management\LibrabryManagement\src\test\resources
2023-02-18 15:34:02,585 [Worker-51: Building] INFO  o.e.m.c.i.embedder.EclipseLogger - Using 'UTF-8' encoding to copy filtered resources.
2023-02-18 15:34:02,586 [Worker-51: Building] INFO  o.e.m.c.i.embedder.EclipseLogger - skip non existing resourceDirectory D:\Spring All\Ineuron Projects\Library Management\LibrabryManagement\src\main\resources
2023-02-18 15:34:02,589 [Worker-51: Building] INFO  o.e.m.c.i.embedder.EclipseLogger - Using 'UTF-8' encoding to copy filtered resources.
2023-02-18 15:34:02,589 [Worker-51: Building] INFO  o.e.m.c.i.embedder.EclipseLogger - skip non existing resourceDirectory D:\Spring All\Ineuron Projects\Library Management\LibrabryManagement\src\test\resources
2023-02-18 15:34:14,977 [Worker-53: Building] INFO  o.e.m.c.i.embedder.EclipseLogger - Using 'UTF-8' encoding to copy filtered resources.
2023-02-18 15:34:14,977 [Worker-53: Building] INFO  o.e.m.c.i.embedder.EclipseLogger - skip non existing resourceDirectory D:\Spring All\Ineuron Projects\Library Management\LibrabryManagement\src\main\resources
2023-02-18 15:34:14,979 [Worker-53: Building] INFO  o.e.m.c.i.embedder.EclipseLogger - Using 'UTF-8' encoding to copy filtered resources.
2023-02-18 15:34:14,979 [Worker-53: Building] INFO  o.e.m.c.i.embedder.EclipseLogger - skip non existing resourceDirectory D:\Spring All\Ineuron Projects\Library Management\LibrabryManagement\src\test\resources
2023-02-18 15:34:17,448 [Worker-54: Building] INFO  o.e.m.c.i.embedder.EclipseLogger - Using 'UTF-8' encoding to copy filtered resources.
2023-02-18 15:34:17,449 [Worker-54: Building] INFO  o.e.m.c.i.embedder.EclipseLogger - skip non existing resourceDirectory D:\Spring All\Ineuron Projects\Library Management\LibrabryManagement\src\main\resources
2023-02-18 15:34:17,454 [Worker-54: Building] INFO  o.e.m.c.i.embedder.EclipseLogger - Using 'UTF-8' encoding to copy filtered resources.
2023-02-18 15:34:17,454 [Worker-54: Building] INFO  o.e.m.c.i.embedder.EclipseLogger - skip non existing resourceDirectory D:\Spring All\Ineuron Projects\Library Management\LibrabryManagement\src\test\resources
2023-02-18 15:34:24,619 [Worker-54: Building] INFO  o.e.m.c.i.embedder.EclipseLogger - Using 'UTF-8' encoding to copy filtered resources.
2023-02-18 15:34:24,619 [Worker-54: Building] INFO  o.e.m.c.i.embedder.EclipseLogger - skip non existing resourceDirectory D:\Spring All\Ineuron Projects\Library Management\LibrabryManagement\src\main\resources
2023-02-18 15:34:24,621 [Worker-54: Building] INFO  o.e.m.c.i.embedder.EclipseLogger - Using 'UTF-8' encoding to copy filtered resources.
2023-02-18 15:34:24,621 [Worker-54: Building] INFO  o.e.m.c.i.embedder.EclipseLogger - skip non existing resourceDirectory D:\Spring All\Ineuron Projects\Library Management\LibrabryManagement\src\test\resources
2023-02-18 15:45:09,691 [Worker-59: Building] INFO  o.e.m.c.i.embedder.EclipseLogger - Using 'UTF-8' encoding to copy filtered resources.
2023-02-18 15:45:09,691 [Worker-59: Building] INFO  o.e.m.c.i.embedder.EclipseLogger - skip non existing resourceDirectory D:\Spring All\Ineuron Projects\Library Management\LibrabryManagement\src\main\resources
2023-02-18 15:45:09,695 [Worker-59: Building] INFO  o.e.m.c.i.embedder.EclipseLogger - Using 'UTF-8' encoding to copy filtered resources.
2023-02-18 15:45:09,695 [Worker-59: Building] INFO  o.e.m.c.i.embedder.EclipseLogger - skip non existing resourceDirectory D:\Spring All\Ineuron Projects\Library Management\LibrabryManagement\src\test\resources
2023-02-18 15:47:33,778 [Worker-56: Building] INFO  o.e.m.c.i.embedder.EclipseLogger - Using 'UTF-8' encoding to copy filtered resources.
2023-02-18 15:47:33,778 [Worker-56: Building] INFO  o.e.m.c.i.embedder.EclipseLogger - skip non existing resourceDirectory D:\Spring All\Ineuron Projects\Library Management\LibrabryManagement\src\main\resources
2023-02-18 15:47:33,781 [Worker-56: Building] INFO  o.e.m.c.i.embedder.EclipseLogger - Using 'UTF-8' encoding to copy filtered resources.
2023-02-18 15:47:33,782 [Worker-56: Building] INFO  o.e.m.c.i.embedder.EclipseLogger - skip non existing resourceDirectory D:\Spring All\Ineuron Projects\Library Management\LibrabryManagement\src\test\resources
2023-02-18 15:47:43,443 [Worker-60: Building] INFO  o.e.m.c.i.embedder.EclipseLogger - Using 'UTF-8' encoding to copy filtered resources.
2023-02-18 15:47:43,444 [Worker-60: Building] INFO  o.e.m.c.i.embedder.EclipseLogger - skip non existing resourceDirectory D:\Spring All\Ineuron Projects\Library Management\LibrabryManagement\src\main\resources
2023-02-18 15:47:43,447 [Worker-60: Building] INFO  o.e.m.c.i.embedder.EclipseLogger - Using 'UTF-8' encoding to copy filtered resources.
2023-02-18 15:47:43,448 [Worker-60: Building] INFO  o.e.m.c.i.embedder.EclipseLogger - skip non existing resourceDirectory D:\Spring All\Ineuron Projects\Library Management\LibrabryManagement\src\test\resources
2023-02-18 15:51:34,667 [Worker-63: Building] INFO  o.e.m.c.i.embedder.EclipseLogger - Using 'UTF-8' encoding to copy filtered resources.
2023-02-18 15:51:34,668 [Worker-63: Building] INFO  o.e.m.c.i.embedder.EclipseLogger - skip non existing resourceDirectory D:\Spring All\Ineuron Projects\Library Management\LibrabryManagement\src\main\resources
2023-02-18 15:51:34,674 [Worker-63: Building] INFO  o.e.m.c.i.embedder.EclipseLogger - Using 'UTF-8' encoding to copy filtered resources.
2023-02-18 15:51:34,674 [Worker-63: Building] INFO  o.e.m.c.i.embedder.EclipseLogger - skip non existing resourceDirectory D:\Spring All\Ineuron Projects\Library Management\LibrabryManagement\src\test\resources
2023-02-18 15:51:55,142 [Worker-64: Building] INFO  o.e.m.c.i.embedder.EclipseLogger - Using 'UTF-8' encoding to copy filtered resources.
2023-02-18 15:51:55,142 [Worker-64: Building] INFO  o.e.m.c.i.embedder.EclipseLogger - skip non existing resourceDirectory D:\Spring All\Ineuron Projects\Library Management\LibrabryManagement\src\main\resources
2023-02-18 15:51:55,145 [Worker-64: Building] INFO  o.e.m.c.i.embedder.EclipseLogger - Using 'UTF-8' encoding to copy filtered resources.
2023-02-18 15:51:55,145 [Worker-64: Building] INFO  o.e.m.c.i.embedder.EclipseLogger - skip non existing resourceDirectory D:\Spring All\Ineuron Projects\Library Management\LibrabryManagement\src\test\resources
2023-02-18 15:53:16,852 [Worker-61: Building] INFO  o.e.m.c.i.embedder.EclipseLogger - Using 'UTF-8' encoding to copy filtered resources.
2023-02-18 15:53:16,852 [Worker-61: Building] INFO  o.e.m.c.i.embedder.EclipseLogger - skip non existing resourceDirectory D:\Spring All\Ineuron Projects\Library Management\LibrabryManagement\src\main\resources
2023-02-18 15:53:16,855 [Worker-61: Building] INFO  o.e.m.c.i.embedder.EclipseLogger - Using 'UTF-8' encoding to copy filtered resources.
2023-02-18 15:53:16,855 [Worker-61: Building] INFO  o.e.m.c.i.embedder.EclipseLogger - skip non existing resourceDirectory D:\Spring All\Ineuron Projects\Library Management\LibrabryManagement\src\test\resources
2023-02-18 15:53:27,687 [Worker-63: Building] INFO  o.e.m.c.i.embedder.EclipseLogger - Using 'UTF-8' encoding to copy filtered resources.
2023-02-18 15:53:27,688 [Worker-63: Building] INFO  o.e.m.c.i.embedder.EclipseLogger - skip non existing resourceDirectory D:\Spring All\Ineuron Projects\Library Management\LibrabryManagement\src\main\resources
2023-02-18 15:53:27,691 [Worker-63: Building] INFO  o.e.m.c.i.embedder.EclipseLogger - Using 'UTF-8' encoding to copy filtered resources.
2023-02-18 15:53:27,692 [Worker-63: Building] INFO  o.e.m.c.i.embedder.EclipseLogger - skip non existing resourceDirectory D:\Spring All\Ineuron Projects\Library Management\LibrabryManagement\src\test\resources
2023-02-20 11:32:15,793 [Worker-8: Loading available Gradle versions] INFO  o.e.b.c.i.u.g.PublishedGradleVersions - Gradle version information cache is up-to-date. Trying to read.
2023-02-20 11:33:31,342 [Worker-11: Updating Maven Dependencies] ERROR o.e.m.j.i.l.MavenLaunchConfigurationListener - Launch configuration App references non-existing project LibrabryManagement.
org.eclipse.core.runtime.CoreException: Launch configuration App references non-existing project LibrabryManagement.
	at org.eclipse.jdt.launching.JavaRuntime.abort(JavaRuntime.java:1861)
	at org.eclipse.jdt.launching.JavaRuntime.getJavaProject(JavaRuntime.java:1736)
	at org.eclipse.m2e.jdt.internal.launch.MavenLaunchConfigurationListener.updateLaunchConfiguration(MavenLaunchConfigurationListener.java:64)
	at org.eclipse.m2e.jdt.internal.launch.MavenLaunchConfigurationListener.launchConfigurationChanged(MavenLaunchConfigurationListener.java:50)
	at org.eclipse.debug.internal.core.LaunchManager$ConfigurationNotifier.run(LaunchManager.java:225)
	at org.eclipse.core.runtime.SafeRunner.run(SafeRunner.java:45)
	at org.eclipse.debug.internal.core.LaunchManager$ConfigurationNotifier.notify(LaunchManager.java:209)
	at org.eclipse.debug.internal.core.LaunchConfigurationWorkingCopy.setDirty(LaunchConfigurationWorkingCopy.java:524)
	at org.eclipse.debug.internal.core.LaunchConfigurationWorkingCopy.setAttribute(LaunchConfigurationWorkingCopy.java:412)
	at org.eclipse.m2e.jdt.internal.launch.MavenRuntimeClasspathProvider.disable(MavenRuntimeClasspathProvider.java:410)
	at org.eclipse.m2e.jdt.internal.launch.MavenRuntimeClasspathProvider.disable(MavenRuntimeClasspathProvider.java:436)
	at org.eclipse.m2e.jdt.internal.launch.MavenLaunchConfigurationListener.mavenProjectChanged(MavenLaunchConfigurationListener.java:135)
	at org.eclipse.m2e.core.internal.project.registry.ProjectRegistryManager.notifyProjectChangeListeners(ProjectRegistryManager.java:832)
	at org.eclipse.m2e.core.internal.project.registry.ProjectRegistryManager.applyMutableProjectRegistry(ProjectRegistryManager.java:985)
	at org.eclipse.m2e.core.internal.project.registry.ProjectRegistryRefreshJob.lambda$0(ProjectRegistryRefreshJob.java:162)
	at org.eclipse.m2e.core.internal.embedder.MavenExecutionContext.executeBare(MavenExecutionContext.java:364)
	at org.eclipse.m2e.core.internal.embedder.MavenExecutionContext.execute(MavenExecutionContext.java:274)
	at org.eclipse.m2e.core.internal.embedder.MavenExecutionContext.execute(MavenExecutionContext.java:213)
	at org.eclipse.m2e.core.internal.project.registry.ProjectRegistryRefreshJob.run(ProjectRegistryRefreshJob.java:106)
	at org.eclipse.core.internal.jobs.Worker.run(Worker.java:63)
2023-02-20 11:33:31,352 [Worker-11: Updating Maven Dependencies] ERROR o.e.m.j.i.l.MavenLaunchConfigurationListener - Launch configuration App references non-existing project LibrabryManagement.
org.eclipse.core.runtime.CoreException: Launch configuration App references non-existing project LibrabryManagement.
	at org.eclipse.jdt.launching.JavaRuntime.abort(JavaRuntime.java:1861)
	at org.eclipse.jdt.launching.JavaRuntime.getJavaProject(JavaRuntime.java:1736)
	at org.eclipse.m2e.jdt.internal.launch.MavenLaunchConfigurationListener.updateLaunchConfiguration(MavenLaunchConfigurationListener.java:64)
	at org.eclipse.m2e.jdt.internal.launch.MavenLaunchConfigurationListener.launchConfigurationChanged(MavenLaunchConfigurationListener.java:50)
	at org.eclipse.debug.internal.core.LaunchManager$ConfigurationNotifier.run(LaunchManager.java:225)
	at org.eclipse.core.runtime.SafeRunner.run(SafeRunner.java:45)
	at org.eclipse.debug.internal.core.LaunchManager$ConfigurationNotifier.notify(LaunchManager.java:209)
	at org.eclipse.debug.internal.core.LaunchConfigurationWorkingCopy.setDirty(LaunchConfigurationWorkingCopy.java:524)
	at org.eclipse.debug.internal.core.LaunchConfigurationWorkingCopy.setAttribute(LaunchConfigurationWorkingCopy.java:412)
	at org.eclipse.m2e.jdt.internal.launch.MavenRuntimeClasspathProvider.disable(MavenRuntimeClasspathProvider.java:411)
	at org.eclipse.m2e.jdt.internal.launch.MavenRuntimeClasspathProvider.disable(MavenRuntimeClasspathProvider.java:436)
	at org.eclipse.m2e.jdt.internal.launch.MavenLaunchConfigurationListener.mavenProjectChanged(MavenLaunchConfigurationListener.java:135)
	at org.eclipse.m2e.core.internal.project.registry.ProjectRegistryManager.notifyProjectChangeListeners(ProjectRegistryManager.java:832)
	at org.eclipse.m2e.core.internal.project.registry.ProjectRegistryManager.applyMutableProjectRegistry(ProjectRegistryManager.java:985)
	at org.eclipse.m2e.core.internal.project.registry.ProjectRegistryRefreshJob.lambda$0(ProjectRegistryRefreshJob.java:162)
	at org.eclipse.m2e.core.internal.embedder.MavenExecutionContext.executeBare(MavenExecutionContext.java:364)
	at org.eclipse.m2e.core.internal.embedder.MavenExecutionContext.execute(MavenExecutionContext.java:274)
	at org.eclipse.m2e.core.internal.embedder.MavenExecutionContext.execute(MavenExecutionContext.java:213)
	at org.eclipse.m2e.core.internal.project.registry.ProjectRegistryRefreshJob.run(ProjectRegistryRefreshJob.java:106)
	at org.eclipse.core.internal.jobs.Worker.run(Worker.java:63)
2023-02-20 11:33:31,504 [Worker-11: Updating Maven Dependencies] ERROR o.e.m.j.i.l.MavenLaunchConfigurationListener - Launch configuration App references non-existing project LibrabryManagement.
org.eclipse.core.runtime.CoreException: Launch configuration App references non-existing project LibrabryManagement.
	at org.eclipse.jdt.launching.JavaRuntime.abort(JavaRuntime.java:1861)
	at org.eclipse.jdt.launching.JavaRuntime.getJavaProject(JavaRuntime.java:1736)
	at org.eclipse.m2e.jdt.internal.launch.MavenLaunchConfigurationListener.updateLaunchConfiguration(MavenLaunchConfigurationListener.java:64)
	at org.eclipse.m2e.jdt.internal.launch.MavenLaunchConfigurationListener.launchConfigurationChanged(MavenLaunchConfigurationListener.java:50)
	at org.eclipse.debug.internal.core.LaunchManager$ConfigurationNotifier.run(LaunchManager.java:225)
	at org.eclipse.core.runtime.SafeRunner.run(SafeRunner.java:45)
	at org.eclipse.debug.internal.core.LaunchManager$ConfigurationNotifier.notify(LaunchManager.java:209)
	at org.eclipse.debug.internal.core.LaunchManager.launchConfigurationChanged(LaunchManager.java:2147)
	at org.eclipse.debug.internal.core.LaunchConfigurationWorkingCopy.writeNewFile(LaunchConfigurationWorkingCopy.java:377)
	at org.eclipse.debug.internal.core.LaunchConfigurationWorkingCopy.doSave0(LaunchConfigurationWorkingCopy.java:259)
	at org.eclipse.debug.internal.core.LaunchConfigurationWorkingCopy.doSave(LaunchConfigurationWorkingCopy.java:229)
	at org.eclipse.debug.internal.core.LaunchConfigurationWorkingCopy.doSave(LaunchConfigurationWorkingCopy.java:187)
	at org.eclipse.m2e.jdt.internal.launch.MavenRuntimeClasspathProvider.disable(MavenRuntimeClasspathProvider.java:412)
	at org.eclipse.m2e.jdt.internal.launch.MavenRuntimeClasspathProvider.disable(MavenRuntimeClasspathProvider.java:436)
	at org.eclipse.m2e.jdt.internal.launch.MavenLaunchConfigurationListener.mavenProjectChanged(MavenLaunchConfigurationListener.java:135)
	at org.eclipse.m2e.core.internal.project.registry.ProjectRegistryManager.notifyProjectChangeListeners(ProjectRegistryManager.java:832)
	at org.eclipse.m2e.core.internal.project.registry.ProjectRegistryManager.applyMutableProjectRegistry(ProjectRegistryManager.java:985)
	at org.eclipse.m2e.core.internal.project.registry.ProjectRegistryRefreshJob.lambda$0(ProjectRegistryRefreshJob.java:162)
	at org.eclipse.m2e.core.internal.embedder.MavenExecutionContext.executeBare(MavenExecutionContext.java:364)
	at org.eclipse.m2e.core.internal.embedder.MavenExecutionContext.execute(MavenExecutionContext.java:274)
	at org.eclipse.m2e.core.internal.embedder.MavenExecutionContext.execute(MavenExecutionContext.java:213)
	at org.eclipse.m2e.core.internal.project.registry.ProjectRegistryRefreshJob.run(ProjectRegistryRefreshJob.java:106)
	at org.eclipse.core.internal.jobs.Worker.run(Worker.java:63)
2023-02-20 11:33:31,509 [Worker-11: Updating Maven Dependencies] ERROR o.e.m.j.i.l.MavenLaunchConfigurationListener - Launch configuration ASTFrame references non-existing project LibrabryManagement.
org.eclipse.core.runtime.CoreException: Launch configuration ASTFrame references non-existing project LibrabryManagement.
	at org.eclipse.jdt.launching.JavaRuntime.abort(JavaRuntime.java:1861)
	at org.eclipse.jdt.launching.JavaRuntime.getJavaProject(JavaRuntime.java:1736)
	at org.eclipse.m2e.jdt.internal.launch.MavenLaunchConfigurationListener.updateLaunchConfiguration(MavenLaunchConfigurationListener.java:64)
	at org.eclipse.m2e.jdt.internal.launch.MavenLaunchConfigurationListener.launchConfigurationChanged(MavenLaunchConfigurationListener.java:50)
	at org.eclipse.debug.internal.core.LaunchManager$ConfigurationNotifier.run(LaunchManager.java:225)
	at org.eclipse.core.runtime.SafeRunner.run(SafeRunner.java:45)
	at org.eclipse.debug.internal.core.LaunchManager$ConfigurationNotifier.notify(LaunchManager.java:209)
	at org.eclipse.debug.internal.core.LaunchConfigurationWorkingCopy.setDirty(LaunchConfigurationWorkingCopy.java:524)
	at org.eclipse.debug.internal.core.LaunchConfigurationWorkingCopy.setAttribute(LaunchConfigurationWorkingCopy.java:412)
	at org.eclipse.m2e.jdt.internal.launch.MavenRuntimeClasspathProvider.disable(MavenRuntimeClasspathProvider.java:410)
	at org.eclipse.m2e.jdt.internal.launch.MavenRuntimeClasspathProvider.disable(MavenRuntimeClasspathProvider.java:436)
	at org.eclipse.m2e.jdt.internal.launch.MavenLaunchConfigurationListener.mavenProjectChanged(MavenLaunchConfigurationListener.java:135)
	at org.eclipse.m2e.core.internal.project.registry.ProjectRegistryManager.notifyProjectChangeListeners(ProjectRegistryManager.java:832)
	at org.eclipse.m2e.core.internal.project.registry.ProjectRegistryManager.applyMutableProjectRegistry(ProjectRegistryManager.java:985)
	at org.eclipse.m2e.core.internal.project.registry.ProjectRegistryRefreshJob.lambda$0(ProjectRegistryRefreshJob.java:162)
	at org.eclipse.m2e.core.internal.embedder.MavenExecutionContext.executeBare(MavenExecutionContext.java:364)
	at org.eclipse.m2e.core.internal.embedder.MavenExecutionContext.execute(MavenExecutionContext.java:274)
	at org.eclipse.m2e.core.internal.embedder.MavenExecutionContext.execute(MavenExecutionContext.java:213)
	at org.eclipse.m2e.core.internal.project.registry.ProjectRegistryRefreshJob.run(ProjectRegistryRefreshJob.java:106)
	at org.eclipse.core.internal.jobs.Worker.run(Worker.java:63)
2023-02-20 11:33:31,515 [Worker-11: Updating Maven Dependencies] ERROR o.e.m.j.i.l.MavenLaunchConfigurationListener - Launch configuration ASTFrame references non-existing project LibrabryManagement.
org.eclipse.core.runtime.CoreException: Launch configuration ASTFrame references non-existing project LibrabryManagement.
	at org.eclipse.jdt.launching.JavaRuntime.abort(JavaRuntime.java:1861)
	at org.eclipse.jdt.launching.JavaRuntime.getJavaProject(JavaRuntime.java:1736)
	at org.eclipse.m2e.jdt.internal.launch.MavenLaunchConfigurationListener.updateLaunchConfiguration(MavenLaunchConfigurationListener.java:64)
	at org.eclipse.m2e.jdt.internal.launch.MavenLaunchConfigurationListener.launchConfigurationChanged(MavenLaunchConfigurationListener.java:50)
	at org.eclipse.debug.internal.core.LaunchManager$ConfigurationNotifier.run(LaunchManager.java:225)
	at org.eclipse.core.runtime.SafeRunner.run(SafeRunner.java:45)
	at org.eclipse.debug.internal.core.LaunchManager$ConfigurationNotifier.notify(LaunchManager.java:209)
	at org.eclipse.debug.internal.core.LaunchConfigurationWorkingCopy.setDirty(LaunchConfigurationWorkingCopy.java:524)
	at org.eclipse.debug.internal.core.LaunchConfigurationWorkingCopy.setAttribute(LaunchConfigurationWorkingCopy.java:412)
	at org.eclipse.m2e.jdt.internal.launch.MavenRuntimeClasspathProvider.disable(MavenRuntimeClasspathProvider.java:411)
	at org.eclipse.m2e.jdt.internal.launch.MavenRuntimeClasspathProvider.disable(MavenRuntimeClasspathProvider.java:436)
	at org.eclipse.m2e.jdt.internal.launch.MavenLaunchConfigurationListener.mavenProjectChanged(MavenLaunchConfigurationListener.java:135)
	at org.eclipse.m2e.core.internal.project.registry.ProjectRegistryManager.notifyProjectChangeListeners(ProjectRegistryManager.java:832)
	at org.eclipse.m2e.core.internal.project.registry.ProjectRegistryManager.applyMutableProjectRegistry(ProjectRegistryManager.java:985)
	at org.eclipse.m2e.core.internal.project.registry.ProjectRegistryRefreshJob.lambda$0(ProjectRegistryRefreshJob.java:162)
	at org.eclipse.m2e.core.internal.embedder.MavenExecutionContext.executeBare(MavenExecutionContext.java:364)
	at org.eclipse.m2e.core.internal.embedder.MavenExecutionContext.execute(MavenExecutionContext.java:274)
	at org.eclipse.m2e.core.internal.embedder.MavenExecutionContext.execute(MavenExecutionContext.java:213)
	at org.eclipse.m2e.core.internal.project.registry.ProjectRegistryRefreshJob.run(ProjectRegistryRefreshJob.java:106)
	at org.eclipse.core.internal.jobs.Worker.run(Worker.java:63)
2023-02-20 11:33:31,525 [Worker-11: Updating Maven Dependencies] ERROR o.e.m.j.i.l.MavenLaunchConfigurationListener - Launch configuration ASTFrame references non-existing project LibrabryManagement.
org.eclipse.core.runtime.CoreException: Launch configuration ASTFrame references non-existing project LibrabryManagement.
	at org.eclipse.jdt.launching.JavaRuntime.abort(JavaRuntime.java:1861)
	at org.eclipse.jdt.launching.JavaRuntime.getJavaProject(JavaRuntime.java:1736)
	at org.eclipse.m2e.jdt.internal.launch.MavenLaunchConfigurationListener.updateLaunchConfiguration(MavenLaunchConfigurationListener.java:64)
	at org.eclipse.m2e.jdt.internal.launch.MavenLaunchConfigurationListener.launchConfigurationChanged(MavenLaunchConfigurationListener.java:50)
	at org.eclipse.debug.internal.core.LaunchManager$ConfigurationNotifier.run(LaunchManager.java:225)
	at org.eclipse.core.runtime.SafeRunner.run(SafeRunner.java:45)
	at org.eclipse.debug.internal.core.LaunchManager$ConfigurationNotifier.notify(LaunchManager.java:209)
	at org.eclipse.debug.internal.core.LaunchManager.launchConfigurationChanged(LaunchManager.java:2147)
	at org.eclipse.debug.internal.core.LaunchConfigurationWorkingCopy.writeNewFile(LaunchConfigurationWorkingCopy.java:377)
	at org.eclipse.debug.internal.core.LaunchConfigurationWorkingCopy.doSave0(LaunchConfigurationWorkingCopy.java:259)
	at org.eclipse.debug.internal.core.LaunchConfigurationWorkingCopy.doSave(LaunchConfigurationWorkingCopy.java:229)
	at org.eclipse.debug.internal.core.LaunchConfigurationWorkingCopy.doSave(LaunchConfigurationWorkingCopy.java:187)
	at org.eclipse.m2e.jdt.internal.launch.MavenRuntimeClasspathProvider.disable(MavenRuntimeClasspathProvider.java:412)
	at org.eclipse.m2e.jdt.internal.launch.MavenRuntimeClasspathProvider.disable(MavenRuntimeClasspathProvider.java:436)
	at org.eclipse.m2e.jdt.internal.launch.MavenLaunchConfigurationListener.mavenProjectChanged(MavenLaunchConfigurationListener.java:135)
	at org.eclipse.m2e.core.internal.project.registry.ProjectRegistryManager.notifyProjectChangeListeners(ProjectRegistryManager.java:832)
	at org.eclipse.m2e.core.internal.project.registry.ProjectRegistryManager.applyMutableProjectRegistry(ProjectRegistryManager.java:985)
	at org.eclipse.m2e.core.internal.project.registry.ProjectRegistryRefreshJob.lambda$0(ProjectRegistryRefreshJob.java:162)
	at org.eclipse.m2e.core.internal.embedder.MavenExecutionContext.executeBare(MavenExecutionContext.java:364)
	at org.eclipse.m2e.core.internal.embedder.MavenExecutionContext.execute(MavenExecutionContext.java:274)
	at org.eclipse.m2e.core.internal.embedder.MavenExecutionContext.execute(MavenExecutionContext.java:213)
	at org.eclipse.m2e.core.internal.project.registry.ProjectRegistryRefreshJob.run(ProjectRegistryRefreshJob.java:106)
	at org.eclipse.core.internal.jobs.Worker.run(Worker.java:63)
2023-02-20 11:33:34,079 [Worker-15: Building] INFO  o.e.m.c.i.l.LifecycleMappingFactory - Using org.eclipse.m2e.jdt.JarLifecycleMapping lifecycle mapping for MavenProject: com.naland:LibrabryManagement:0.0.1-SNAPSHOT @ D:\Spring All\Ineuron Projects\Library Management\Librabry DB\pom.xml.
2023-02-20 11:33:35,010 [Worker-15: Building] INFO  o.e.m.c.i.embedder.EclipseLogger - Using 'UTF-8' encoding to copy filtered resources.
2023-02-20 11:33:35,011 [Worker-15: Building] INFO  o.e.m.c.i.embedder.EclipseLogger - skip non existing resourceDirectory D:\Spring All\Ineuron Projects\Library Management\Librabry DB\src\main\resources
2023-02-20 11:33:35,022 [Worker-15: Building] INFO  o.e.m.c.i.embedder.EclipseLogger - Using 'UTF-8' encoding to copy filtered resources.
2023-02-20 11:33:35,023 [Worker-15: Building] INFO  o.e.m.c.i.embedder.EclipseLogger - skip non existing resourceDirectory D:\Spring All\Ineuron Projects\Library Management\Librabry DB\src\test\resources
2023-02-20 11:33:35,690 [Worker-12: Building] INFO  o.e.m.c.i.embedder.EclipseLogger - Using 'UTF-8' encoding to copy filtered resources.
2023-02-20 11:33:35,691 [Worker-12: Building] INFO  o.e.m.c.i.embedder.EclipseLogger - skip non existing resourceDirectory D:\Spring All\Ineuron Projects\Library Management\Librabry DB\src\main\resources
2023-02-20 11:33:35,694 [Worker-12: Building] INFO  o.e.m.c.i.embedder.EclipseLogger - Using 'UTF-8' encoding to copy filtered resources.
2023-02-20 11:33:35,694 [Worker-12: Building] INFO  o.e.m.c.i.embedder.EclipseLogger - skip non existing resourceDirectory D:\Spring All\Ineuron Projects\Library Management\Librabry DB\src\test\resources
2023-02-21 09:47:47,607 [Worker-4: Loading available Gradle versions] INFO  o.e.b.c.i.u.g.PublishedGradleVersions - Gradle version information cache is up-to-date. Trying to read.
